14:56:29 HHC01413I Hercules version 4.00
14:56:29 HHC01414I (c) Copyright 1999-2012 by Roger Bowler, Jan Jaeger, and others
14:56:29 HHC01415I Built on Jun 26 2016 at 22:04:26
14:56:29 HHC01416I Build information:
14:56:29 HHC01417I Windows (MSVC) build for AMD64
14:56:29 HHC01417I Hercules for TK4- (64-bit Windows)
14:56:29 HHC01417I Modes: S/370 ESA/390 z/Arch
14:56:29 HHC01417I Max CPU Engines: 8
14:56:29 HHC01417I Using   fthreads Threading Model
14:56:29 HHC01417I Using   Error-Checking Mutex Locking Model
14:56:29 HHC01417I Using   FishIO
14:56:29 HHC01417I With    Dynamic loading support
14:56:29 HHC01417I Using   shared libraries
14:56:29 HHC01417I With    External GUI support
14:56:29 HHC01417I With    IPV6 support
14:56:29 HHC01417I With    HTTP Server support
14:56:29 HHC01417I With    sqrtl support
14:56:29 HHC01417I Without SIGABEND handler
14:56:29 HHC01417I With    CCKD BZIP2 support
14:56:29 HHC01417I With    HET BZIP2 support
14:56:29 HHC01417I With    ZLIB support
14:56:29 HHC01417I With    Regular Expressions support
14:56:29 HHC01417I Without Object REXX support
14:56:29 HHC01417I Without Regina REXX support
14:56:29 HHC01417I With    Automatic Operator support
14:56:29 HHC01417I Without National Language Support
14:56:29 HHC01417I Machine dependent assists: cmpxchg1 cmpxchg4 cmpxchg8
14:56:29 HHC01417I Running on MARCIA-DELL Windows-6.2.9200.  unknown 64-bit, Intel(R) x64 LP=8, Cores=4, CPUs=1
14:56:29 HHC00100I Thread id 0000472C, prio 15, name Processor CP00 started
14:56:29 HHC00811I Processor CP00: architecture mode z/Arch
14:56:29 HHC00100I Thread id 00004968, prio -20, name Timer started
14:56:29 HHC01802I HTTP server using root directory 'C:/Marcia/Cursos/Cobol/Cobol em Ambiente Mainframe - Udemy/_arquivos aux/emulador do ambiente mainframe/tk4-emulador-servidor/hercules/httproot/'
14:56:29 HHC01807I HTTP server signaled to start
14:56:29 HHC00100I Thread id 00003C40, prio  0, name HTTP server started
14:56:29 HHC01802I HTTP server using root directory 'C:/Marcia/Cursos/Cobol/Cobol em Ambiente Mainframe - Udemy/_arquivos aux/emulador do ambiente mainframe/tk4-emulador-servidor/hercules/httproot/'
14:56:29 HHC00100I Thread id 00004588, prio 15, name Processor CP01 started
14:56:29 HHC01803I HTTP server waiting for requests on port 8038
14:56:29 HHC00811I Processor CP01: architecture mode z/Arch
14:56:29 HHC01042I 0:000C COMM: device bound to socket 3505
14:56:29 HHC00100I Thread id 00001974, prio  0, name Socket device listener started
14:56:29 HHC01437I Config file[45] conf/tk4-.cnf: including file conf/intcons.cnf
14:56:29 HHC00100I Thread id 00001734, prio  0, name Console connection started
14:56:29 HHC01024I Waiting for console connections on port 3270
14:56:29 HHC01437I Config file[71] conf/tk4-.cnf: including file conf/tk4-_default.cnf
14:56:31 HHC00971I 0:0610 CTC: connect to 127.0.0.1:18610 failed, starting server
14:56:33 HHC00971I 0:0611 CTC: connect to 127.0.0.1:18611 failed, starting server
14:56:33 HHC01004I 0:0660 COMM: listening on port 37051 for incoming TCP connections
14:56:33 HHC00100I Thread id 0000347C, prio  0, name 3705 device(1:0660) thread started
14:56:33 HHC01004I 0:0661 COMM: listening on port 37052 for incoming TCP connections
14:56:33 HHC00100I Thread id 000029AC, prio  0, name 3705 device(1:0661) thread started
14:56:33 HHC01004I 0:0662 COMM: listening on port 37053 for incoming TCP connections
14:56:33 HHC00100I Thread id 00000D48, prio  0, name 3705 device(1:0662) thread started
14:56:33 HHC01004I 0:0663 COMM: listening on port 37054 for incoming TCP connections
14:56:33 HHC00100I Thread id 00003C28, prio  0, name 3705 device(1:0663) thread started
14:56:33 HHC00100I Thread id 00000208, prio  0, name 3705 device(1:0664) thread started
14:56:33 HHC01004I 0:0664 COMM: listening on port 37055 for incoming TCP connections
14:56:33 HHC01004I 0:0665 COMM: listening on port 37056 for incoming TCP connections
14:56:33 HHC00100I Thread id 00004004, prio  0, name 3705 device(1:0665) thread started
14:56:33 HHC01004I 0:0666 COMM: listening on port 37057 for incoming TCP connections
14:56:33 HHC00100I Thread id 00005BE4, prio  0, name 3705 device(1:0666) thread started
14:56:33 HHC00100I Thread id 00002174, prio  0, name 3705 device(1:0667) thread started
14:56:33 HHC01004I 0:0667 COMM: listening on port 37058 for incoming TCP connections
14:56:33 HHC00100I Thread id 000021C4, prio  0, name 3705 device(1:0668) thread started
14:56:33 HHC01004I 0:0668 COMM: listening on port 37911 for incoming TCP connections
14:56:33 HHC01004I 0:0669 COMM: listening on port 37912 for incoming TCP connections
14:56:33 HHC00100I Thread id 00005E04, prio  0, name 3705 device(1:0669) thread started
14:56:33 HHC00100I Thread id 00002C68, prio  0, name 3705 device(1:066A) thread started
14:56:33 HHC00100I Thread id 000048B4, prio  0, name 3705 device(1:066B) thread started
14:56:33 HHC01004I 0:066A COMM: listening on port 37913 for incoming TCP connections
14:56:33 HHC01004I 0:066B COMM: listening on port 37914 for incoming TCP connections
14:56:33 HHC00100I Thread id 00003E8C, prio  0, name 0:0670 communication thread started
14:56:33 HHC01004I 0:0670 COMM: listening on port 37801 for incoming TCP connections
14:56:33 HHC00100I Thread id 000059D4, prio  0, name 0:0671 communication thread started
14:56:33 HHC01004I 0:0671 COMM: listening on port 37802 for incoming TCP connections
14:56:33 HHC00100I Thread id 000012B4, prio  0, name 0:0672 communication thread started
14:56:33 HHC01004I 0:0672 COMM: listening on port 37803 for incoming TCP connections
14:56:33 HHC00100I Thread id 00005378, prio  0, name 0:0673 communication thread started
14:56:33 HHC01004I 0:0673 COMM: listening on port 37804 for incoming TCP connections
14:56:33 HHC00100I Thread id 00003078, prio  0, name 0:0680 communication thread started
14:56:33 HHC01004I 0:0680 COMM: listening on port 33351 for incoming TCP connections
14:56:33 HHC00100I Thread id 00004244, prio  0, name 0:0681 communication thread started
14:56:33 HHC01004I 0:0681 COMM: listening on port 33352 for incoming TCP connections
14:56:33 HHC00100I Thread id 00003418, prio  0, name 0:0682 communication thread started
14:56:33 HHC01004I 0:0682 COMM: listening on port 33353 for incoming TCP connections
14:56:33 HHC00100I Thread id 00004534, prio  0, name 0:0683 communication thread started
14:56:33 HHC01004I 0:0683 COMM: listening on port 33354 for incoming TCP connections
14:56:33 HHC00100I Thread id 00004A74, prio  0, name 0:0688 communication thread started
14:56:33 HHC01004I 0:0688 COMM: listening on port 27411 for incoming TCP connections
14:56:33 HHC00100I Thread id 00005974, prio  0, name 0:0689 communication thread started
14:56:33 HHC01004I 0:0689 COMM: listening on port 27412 for incoming TCP connections
14:56:33 HHC00100I Thread id 000012CC, prio  0, name 0:068A communication thread started
14:56:33 HHC01004I 0:068A COMM: listening on port 27413 for incoming TCP connections
14:56:33 HHC00100I Thread id 0000187C, prio  0, name 0:068B communication thread started
14:56:33 HHC01004I 0:068B COMM: listening on port 27414 for incoming TCP connections
14:56:33 HHC00100I Thread id 000031B8, prio  0, name 0:068C communication thread started
14:56:33 HHC01004I 0:068C COMM: listening on port 27415 for incoming TCP connections
14:56:33 HHC00100I Thread id 0000350C, prio  0, name 0:068D communication thread started
14:56:33 HHC01004I 0:068D COMM: listening on port 27416 for incoming TCP connections
14:56:33 HHC00100I Thread id 00004680, prio  0, name 0:068E communication thread started
14:56:33 HHC01004I 0:068E COMM: listening on port 27417 for incoming TCP connections
14:56:33 HHC00100I Thread id 00003EA8, prio  0, name 0:068F communication thread started
14:56:33 HHC01004I 0:068F COMM: listening on port 27418 for incoming TCP connections
14:56:33 HHC00414I 0:0152 CKD file dasd/hasp00.152: cyls 411 heads 19 tracks 7809 trklen 13312
14:56:33 HHC00363W 0:0152 CCKD file dasd/hasp00.152: cdevhdr inconsistencies found, code 0001
14:56:33 HHC00364W 0:0152 CCKD file dasd/hasp00.152: forcing check level 1
14:56:33 HHC00368W 0:0152 CCKD file dasd/hasp00.152: free space errors detected
14:56:33 HHC00377I 0:0152 CCKD file dasd/hasp00.152: free space rebuilt
14:56:33 HHC00414I 0:0191 CKD file dasd/mvscat.191: cyls 1114 heads 15 tracks 16710 trklen 56832
14:56:33 HHC00414I 0:0248 CKD file dasd/mvsdlb.248: cyls 560 heads 30 tracks 16800 trklen 19456
14:56:33 HHC00363W 0:0248 CCKD file dasd/mvsdlb.248: cdevhdr inconsistencies found, code 0001
14:56:33 HHC00364W 0:0248 CCKD file dasd/mvsdlb.248: forcing check level 1
14:56:33 HHC00368W 0:0248 CCKD file dasd/mvsdlb.248: free space errors detected
14:56:33 HHC00377I 0:0248 CCKD file dasd/mvsdlb.248: free space rebuilt
14:56:33 HHC00414I 0:0148 CKD file dasd/mvsres.148: cyls 560 heads 30 tracks 16800 trklen 19456
14:56:33 HHC00363W 0:0148 CCKD file dasd/mvsres.148: cdevhdr inconsistencies found, code 0001
14:56:33 HHC00364W 0:0148 CCKD file dasd/mvsres.148: forcing check level 1
14:56:33 HHC00368W 0:0148 CCKD file dasd/mvsres.148: free space errors detected
14:56:33 HHC00377I 0:0148 CCKD file dasd/mvsres.148: free space rebuilt
14:56:33 HHC00414I 0:0160 CKD file dasd/page00.160: cyls 698 heads 12 tracks 8376 trklen 8704
14:56:33 HHC00363W 0:0160 CCKD file dasd/page00.160: cdevhdr inconsistencies found, code 0001
14:56:33 HHC00364W 0:0160 CCKD file dasd/page00.160: forcing check level 1
14:56:33 HHC00368W 0:0160 CCKD file dasd/page00.160: free space errors detected
14:56:33 HHC00377I 0:0160 CCKD file dasd/page00.160: free space rebuilt
14:56:33 HHC00414I 0:0161 CKD file dasd/page01.161: cyls 698 heads 12 tracks 8376 trklen 8704
14:56:33 HHC00363W 0:0161 CCKD file dasd/page01.161: cdevhdr inconsistencies found, code 0001
14:56:33 HHC00364W 0:0161 CCKD file dasd/page01.161: forcing check level 1
14:56:33 HHC00368W 0:0161 CCKD file dasd/page01.161: free space errors detected
14:56:33 HHC00377I 0:0161 CCKD file dasd/page01.161: free space rebuilt
14:56:33 HHC00414I 0:0240 CKD file dasd/pub000.240: cyls 560 heads 30 tracks 16800 trklen 19456
14:56:33 HHC00364W 0:0240 CCKD file dasd/pub000.240: forcing check level 1
14:56:33 HHC00414I 0:0241 CKD file dasd/pub010.241: cyls 560 heads 30 tracks 16800 trklen 19456
14:56:33 HHC00414I 0:0270 CKD file dasd/pub001.270: cyls 960 heads 12 tracks 11520 trklen 35840
14:56:33 HHC00364W 0:0270 CCKD file dasd/pub001.270: forcing check level 1
14:56:33 HHC00414I 0:0271 CKD file dasd/pub011.271: cyls 960 heads 12 tracks 11520 trklen 35840
14:56:33 HHC00414I 0:0280 CKD file dasd/pub002.280: cyls 1772 heads 15 tracks 26580 trklen 47616
14:56:33 HHC00414I 0:0281 CKD file dasd/pub012.281: cyls 1772 heads 15 tracks 26580 trklen 47616
14:56:33 HHC00414I 0:0290 CKD file dasd/pub003.290: cyls 1114 heads 15 tracks 16710 trklen 56832
14:56:33 HHC00364W 0:0290 CCKD file dasd/pub003.290: forcing check level 1
14:56:33 HHC00414I 0:0291 CKD file dasd/pub013.291: cyls 2047 heads 15 tracks 30705 trklen 56832
14:56:33 HHC00414I 0:0149 CKD file dasd/smp001.149: cyls 560 heads 30 tracks 16800 trklen 19456
14:56:33 HHC00414I 0:014A CKD file dasd/smp002.14a: cyls 560 heads 30 tracks 16800 trklen 19456
14:56:33 HHC00414I 0:014B CKD file dasd/smp003.14b: cyls 560 heads 30 tracks 16800 trklen 19456
14:56:33 HHC00414I 0:014C CKD file dasd/smp004.14c: cyls 560 heads 30 tracks 16800 trklen 19456
14:56:33 HHC00414I 0:0131 CKD file dasd/sort01.131: cyls 203 heads 20 tracks 4060 trklen 7680
14:56:33 HHC00414I 0:0132 CKD file dasd/sort02.132: cyls 203 heads 20 tracks 4060 trklen 7680
14:56:33 HHC00414I 0:0133 CKD file dasd/sort03.133: cyls 203 heads 20 tracks 4060 trklen 7680
14:56:33 HHC00414I 0:0134 CKD file dasd/sort04.134: cyls 203 heads 20 tracks 4060 trklen 7680
14:56:33 HHC00414I 0:0135 CKD file dasd/sort05.135: cyls 203 heads 20 tracks 4060 trklen 7680
14:56:33 HHC00414I 0:0136 CKD file dasd/sort06.136: cyls 203 heads 20 tracks 4060 trklen 7680
14:56:33 HHC00414I 0:0140 CKD file dasd/work00.140: cyls 560 heads 30 tracks 16800 trklen 19456
14:56:33 HHC00414I 0:0170 CKD file dasd/work01.170: cyls 960 heads 12 tracks 11520 trklen 35840
14:56:33 HHC00414I 0:0180 CKD file dasd/work02.180: cyls 886 heads 15 tracks 13290 trklen 47616
14:56:33 HHC00414I 0:0190 CKD file dasd/work03.190: cyls 1114 heads 15 tracks 16710 trklen 56832
14:56:33 HHC01437I Config file[106] conf/tk4-.cnf: including file conf/cbt_dasd.cnf
14:56:33 HHC01437I Config file[110] conf/tk4-.cnf: including file conf/source_dasd.cnf
14:56:33 HHC01437I Config file[114] conf/tk4-.cnf: including file conf/tk4-_updates.cnf
14:56:33 HHC01437I Config file[10] conf/tk4-.cnf: including file conf/tk4-_updates/01
14:56:33 HHC01437I Config file[11] conf/tk4-.cnf: including file conf/tk4-_updates/02
14:56:33 HHC01437I Config file[12] conf/tk4-.cnf: including file conf/tk4-_updates/03
14:56:33 HHC01437I Config file[13] conf/tk4-.cnf: including file conf/tk4-_updates/04
14:56:33 HHC01437I Config file[14] conf/tk4-.cnf: including file conf/tk4-_updates/05
14:56:33 HHC01437I Config file[15] conf/tk4-.cnf: including file conf/tk4-_updates/06
14:56:33 HHC01437I Config file[16] conf/tk4-.cnf: including file conf/tk4-_updates/07
14:56:33 HHC01437I Config file[17] conf/tk4-.cnf: including file conf/tk4-_updates/08
14:56:33 HHC01437I Config file[18] conf/tk4-.cnf: including file conf/tk4-_updates/09
14:56:33 HHC01437I Config file[19] conf/tk4-.cnf: including file conf/tk4-_updates/10
14:56:33 HHC01437I Config file[118] conf/tk4-.cnf: including file conf/local.cnf
14:56:33 HHC01437I Config file[10] conf/tk4-.cnf: including file local_conf/01
14:56:33 HHC01437I Config file[11] conf/tk4-.cnf: including file local_conf/02
14:56:33 HHC01437I Config file[12] conf/tk4-.cnf: including file local_conf/03
14:56:33 HHC01437I Config file[13] conf/tk4-.cnf: including file local_conf/04
14:56:33 HHC01437I Config file[14] conf/tk4-.cnf: including file local_conf/05
14:56:33 HHC01437I Config file[15] conf/tk4-.cnf: including file local_conf/06
14:56:33 HHC01437I Config file[16] conf/tk4-.cnf: including file local_conf/07
14:56:33 HHC01437I Config file[17] conf/tk4-.cnf: including file local_conf/08
14:56:33 HHC01437I Config file[18] conf/tk4-.cnf: including file local_conf/09
14:56:33 HHC01437I Config file[19] conf/tk4-.cnf: including file local_conf/10
14:56:33 HHC00100I Thread id 00000640, prio  0, name Control panel started
14:56:33 HHC02260I Script 1: begin processing file scripts/ipl.rc
14:56:33 HHC01603I hao tgt MVS038J
14:56:33 HHC00077I The target was placed at index 0
14:56:33 HHC01603I hao cmd script scripts/tk4-.rc
14:56:33 HHC00077I The command was placed at index 0
14:56:33 HHC01603I hao tgt IEA101A
14:56:33 HHC00100I Thread id 00002EFC, prio  0, name Hercules Automatic Operator started
14:56:33 HHC00077I The target was placed at index 1
14:56:33 HHC01603I hao cmd script ${SCR101A:=scripts}/SCR101A_${REP101A:=default}${CMD101A}
14:56:33 HHC00077I The command was placed at index 1
14:56:33 HHC01603I hao tgt IEA305A
14:56:33 HHC00077I The target was placed at index 2
14:56:33 HHC01603I hao cmd script ${SCR101A:=scripts}/SCR101A_${REP101A:=default}${CMD101A}
14:56:33 HHC00077I The command was placed at index 2
14:56:33 HHC01603I * pausing for a few seconds, please stand by.
14:56:37 HHC01603I ipl 148
14:56:37 HHC01603I * pausing for a few seconds, please stand by.
14:56:37 HHC00811I Processor CP00: architecture mode S/370
14:56:37 HHC00814I Processor CP00: SIGP Initial program reset            (07) CP01, PARM 00000000: CC 0
14:56:37 HHC00811I Processor CP01: architecture mode S/370
14:56:37 HHC00814I Processor CP00: SIGP Restart                          (06) CP01, PARM 00000000: CC 0
14:56:37 IEA101A SPECIFY SYSTEM PARAMETERS FOR RELEASE 03.8 .VS2
14:56:37 HHC00081I Match at index 01, executing command script scripts/SCR101A_default
14:56:37 HHC01603I script scripts/SCR101A_default
14:56:37 HHC00010A Enter input for console 0:0009
14:56:37 HHC02260I Script 2: begin processing file scripts/SCR101A_default
14:56:41 HHC01603I * IEA101A just to make sure HAO gets it
14:56:41 HHC00081I Match at index 01, executing command script scripts/SCR101A_default
14:56:41 HHC01603I script scripts/SCR101A_default
14:56:41 HHC02260I Script 3: begin processing file scripts/SCR101A_default
14:56:41 HHC00008I /
14:56:41 HHC02264I Script 2: file scripts/SCR101A_default processing ended
14:56:41 HHC00100I Thread id 00005EEC, prio  0, name Read-ahead thread-1 started
14:56:41 HHC00100I Thread id 00000948, prio  0, name Read-ahead thread-2 started
14:56:41 HHC00100I Thread id 00004558, prio  0, name Writer thread-1 started
14:56:41 HHC00100I Thread id 00003D60, prio  0, name Garbage collector started
14:56:41 IEA940I THE FOLLOWING PAGE DATA SETS ARE IN USE
14:56:41  PLPA ... SYS1.PAGELPA
14:56:41  COMMON . SYS1.PAGECSA
14:56:41  DUPLEX . SYS1.DUPLEX
14:56:41  LOCAL .. SYS1.PAGEL01
14:56:41  LOCAL .. SYS1.PAGEL02
14:56:45  IGF992I  MIH INIT COMPLETE, PRI=000300, SEC=000015
14:56:45  IEE360I SMF NOW RECORDING ON SYS1.MANX ON MVSRES TIME=00.56.45
14:56:45  RAKF is based on the ESG Security System
14:56:45  written by Craig J. Yasuna               (Mar 1991)
14:56:45  adapted to MVS 3.8J: A. Philip Dickinson (Aug 2005)
14:56:45                       Phil Roberts        (Apr 2011)
14:56:45                       Juergen Winkelmann  (Apr 2011)
14:56:45  RAKF001I RAKF is now being activated
14:56:45  RCVT WAS PROCESSED SUCCESSFULLY
14:56:45  RAKF003I RAKF is now active
14:56:45  RAKFPROF7  RAKF PROFILES UPDATED
14:56:45  RAKFUIDS4  USER TABLE UPDATED
14:56:45  IEF677I WARNING MESSAGE(S) FOR JOB JES2     ISSUED
14:56:45  $HASP493 JES2  WARM-START IS IN PROGRESS
14:56:45  $HASP412 MAXIMUM OF 1   READER(S)  EXCEEDED
14:56:45  $HASP412 MAXIMUM OF 1   PUNCH(ES)  EXCEEDED
14:56:45  $HASP412 MAXIMUM OF 3   PRINTER(S) EXCEEDED
14:56:45  $HASP406 STC  557 WAS EXECUTING
14:56:45  $HASP406 STC  558 WAS EXECUTING
14:56:45  $HASP406 STC  559 WAS EXECUTING
14:56:45  $HASP406 STC  544 WAS EXECUTING
14:56:45  $HASP406 TSU   63 WAS EXECUTING
14:56:45 HHC01018I 0:00C0 COMM: client 127.0.0.1 devtype 3270: connected
14:56:45  $HASP406 STC  545 WAS EXECUTING
14:56:45  $HASP406 STC  546 WAS EXECUTING
14:56:45  $HASP406 STC  547 WAS EXECUTING
14:56:45  $HASP406 STC  548 WAS EXECUTING
14:56:45  $HASP406 STC  549 WAS EXECUTING
14:56:45  $HASP406 STC  550 WAS EXECUTING
14:56:45  $HASP406 STC  551 WAS EXECUTING
14:56:45  $HASP406 STC  554 WAS EXECUTING
14:56:45  $HASP406 STC  555 WAS EXECUTING
14:56:45  IEE041I THE SYSTEM LOG IS NOW ACTIVE
14:56:45 HHC00008I /
14:56:45 HHC02264I Script 3: file scripts/SCR101A_default processing ended
14:56:45 HHC00010A Enter input for console 0:0009
14:56:45 HHC01603I hao tgt HHC00010A
14:56:45 HHC00077I The target was placed at index 3
14:56:45 HHC01603I hao cmd script scripts/SCR00010A
14:56:45 HHC00077I The command was placed at index 3
14:56:48 HHC00100I Thread id 00003500, prio  0, name Writer thread-2 started
14:56:49 HHC00008I /d t
14:56:49 HHC02264I Script 1: file scripts/ipl.rc processing ended
14:56:49  IEE341I BSPPILOT NOT ACTIVE
14:56:49  $HASP406 STC  556 WAS EXECUTING
14:56:49  $HASP160 PUNCH1   INACTIVE - CLASS=B
14:56:49  $HASP100 BSPPILOT ON STCINRDR
14:56:49  $HASP100 INIT     ON STCINRDR
14:56:49  $HASP373 BSPPILOT STARTED
14:56:49  $HASP100 INIT     ON STCINRDR
14:56:49  $HASP373 INIT     STARTED
14:56:49  $HASP100 INIT     ON STCINRDR
14:56:49  $HASP373 INIT     STARTED
14:56:49  $HASP100 INIT     ON STCINRDR
14:56:49  $HASP373 INIT     STARTED
14:56:49  $HASP100 INIT     ON STCINRDR
14:56:49  $HASP373 INIT     STARTED
14:56:49  $HASP100 INIT     ON STCINRDR
14:56:49  $HASP100 BSPSETPF ON STCINRDR
14:56:49  $HASP373 INIT     STARTED
14:56:49  $HASP309    INIT  1 INACTIVE ******** C=A
14:56:49  $HASP373 INIT     STARTED
14:56:49  $HASP309    INIT  2 INACTIVE ******** C=BA
14:56:49  $HASP309    INIT  3 INACTIVE ******** C=HBA
14:56:49  $HASP373 BSPSETPF STARTED
14:56:49  $HASP309    INIT  4 INACTIVE ******** C=SHB
14:56:49  $HASP309    INIT  5 INACTIVE ******** C=SBA
14:56:49  $HASP309    INIT  6 INACTIVE ******** C=SC
14:56:49  BSPSP91I - Parms passed: NOREPLYU
14:56:49  BSPSP93I - PFK definitions will be updated in memory
14:56:49  BSPSP22I - Dataset processed: SYS1.PARMLIB
14:56:49  BSPSP23I - on volume MVSRES
14:56:49  BSPSP21I - Member being processed: SETPFK01
14:56:49  +BSPSP98I - Member processed, LASTCC=0000
14:56:49  +BSPSP21I - Member being processed: SETPFK02
14:56:49  +BSPSP98I - Member processed, LASTCC=0000
14:56:49  +BSPSP99I - End of processing, MAXRC=0000
14:56:49  $HASP395 BSPSETPF ENDED
14:56:49  IEE136I  TIME=00.56.49 DATE=23.303
14:57:15  +BSPPILOT - Running script STARTSTD
14:57:15  +BSPRS22I - Dataset processed: SYS1.PARMLIB
14:57:15  +BSPRS23I - on volume MVSRES
14:57:15  +BSPRS08I - PARM NOECHO
14:57:15  IEE302I 480      ONLINE
14:57:15  $HASP100 DYNAMASK ON STCINRDR
14:57:15  $HASP373 DYNAMASK STARTED
14:57:15  IEF403I DYNAMASK - STARTED - TIME=00.57.15
14:57:15  DMSK00I DYNAMASK DONE ****
14:57:15  DMSK06I  START
14:57:15  IEF404I DYNAMASK - ENDED - TIME=00.57.15
14:57:15  $HASP395 DYNAMASK ENDED
14:57:17  $HASP100 NET      ON STCINRDR
14:57:17  $HASP100 TP       ON STCINRDR
14:57:17  $HASP373 NET      STARTED
14:57:17  IEF403I NET - STARTED - TIME=00.57.17
14:57:17  $HASP100 MF1      ON STCINRDR
14:57:17  $HASP373 TP       STARTED
14:57:17  IEF403I TP - STARTED - TIME=00.57.17
14:57:17  $HASP373 MF1      STARTED
14:57:17  IEF403I MF1 - STARTED - TIME=00.57.17
14:57:17  $HASP000 OK
14:57:17 00.57.17           IEF236I ALLOC. FOR JES2 JES2
14:57:17 00.57.17           IEF237I 00E  ALLOCATED TO PRINTER1
14:57:17 00.57.17 STC  557  $HASP150 TSO      ON PRINTER1
14:57:17 00.57.17 STC  557 *$HASP190 TSO      SETUP -- PRINTER1 -- F = 0001 -- C = 6    -- T = QN
14:57:17 00.57.17 STC  556  $HASP150 MF1      ON PRINTER1
14:57:17 00.57.17           $HASP185 PRINTER1 TERMINATED
14:57:17 00.57.17           $HASP160 PRINTER1 INACTIVE - CLASS=A
14:57:17 00.57.17 STC  573  $HASP150 MF1      ON PRINTER1        13 LINES
14:57:17 00.57.17           $HASP160 PRINTER1 INACTIVE - CLASS=A
14:57:17 00.57.17           IEF236I ALLOC. FOR JES2 JES2
14:57:17 00.57.17           IEF237I 00F  ALLOCATED TO PRINTER2
14:57:17 00.57.17 STC  557  $HASP150 TSO      ON PRINTER2        11 LINES
14:57:17 00.57.17 STC  557 *$HASP190 TSO      SETUP -- PRINTER2 -- F = 0001 -- C = 6    -- T = QN
14:57:18 00.57.17 STC  557  $HASP250 TSO      IS PURGED
14:57:18 00.57.17 STC  558  $HASP150 SNASOL   ON PRINTER2         7 LINES
14:57:18 00.57.17 STC  559  $HASP150 JRP      ON PRINTER2        30 LINES
14:57:18 00.57.17 STC  558  $HASP250 SNASOL   IS PURGED
14:57:18 00.57.17 STC  559  $HASP250 JRP      IS PURGED
14:57:18 00.57.17 TSU   63  $HASP150 HERC01   ON PRINTER2         9 LINES
14:57:18 00.57.17 TSU   63  $HASP250 HERC01   IS PURGED
14:57:18 00.57.17 STC  573  IRB100I MF/1 IS ACTIVE
14:57:18 00.57.17 STC  545  $HASP150 BSPPILOT ON PRINTER2         9 LINES
14:57:18 00.57.17 STC  546  $HASP150 INIT     ON PRINTER2         5 LINES
14:57:18 00.57.17 STC  545  $HASP250 BSPPILOT IS PURGED
14:57:18 00.57.17 STC  546  $HASP250 INIT     IS PURGED
14:57:18 00.57.17 STC  547  $HASP150 INIT     ON PRINTER2         5 LINES
14:57:18 00.57.17           IEF236I ALLOC. FOR JES2 JES2
14:57:18 00.57.17 STC  547  $HASP250 INIT     IS PURGED
14:57:18 00.57.17 STC  548  $HASP150 INIT     ON PRINTER2         5 LINES
14:57:18 00.57.17           IEF237I 002  ALLOCATED TO PRINTER3
14:57:18 00.57.17 STC  549  $HASP150 INIT     ON PRINTER2         5 LINES
14:57:18 00.57.17 STC  548  $HASP250 INIT     IS PURGED
14:57:18 00.57.17 STC  550  $HASP150 INIT     ON PRINTER2         5 LINES
14:57:18 00.57.17 STC  549  $HASP250 INIT     IS PURGED
14:57:18 00.57.17           $HASP160 PRINTER3 INACTIVE - CLASS=X
14:57:18 00.57.17 STC  550  $HASP250 INIT     IS PURGED
14:57:18 00.57.17 STC  551  $HASP150 INIT     ON PRINTER2         5 LINES
14:57:18 00.57.17 STC  554  $HASP150 NET      ON PRINTER2         9 LINES
14:57:18 00.57.17 STC  551  $HASP250 INIT     IS PURGED
14:57:18 00.57.17           $HASP185 PRINTER2 TERMINATED
14:57:18 00.57.17 STC  554  $HASP250 NET      IS PURGED
14:57:18 00.57.17 STC  555  $HASP150 TP       ON PRINTER2        31 LINES
14:57:18 00.57.17 STC  556  $HASP150 MF1      ON PRINTER2         7 LINES
14:57:18 00.57.17 STC  555  $HASP250 TP       IS PURGED
14:57:18 00.57.17 STC  569  $HASP150 BSPSETPF ON PRINTER2        32 LINES
14:57:18 00.57.17 STC  556  $HASP250 MF1      IS PURGED
14:57:18 00.57.17 STC  569  $HASP250 BSPSETPF IS PURGED
14:57:18 00.57.17 STC  570  $HASP150 DYNAMASK ON PRINTER2        28 LINES
14:57:18 00.57.17           $HASP160 PRINTER2 INACTIVE - CLASS=Z
14:57:18 00.57.17 STC  570  $HASP250 DYNAMASK IS PURGED
14:57:18 00.57.17 STC  571  IST025I  BLDL FAILED FOR IEDIAE   IN VTAMLIB
14:57:18 00.57.17 STC  571  IST025I  BLDL FAILED FOR IEDIAE   IN VTAMLIB
14:57:18 00.57.17 STC  571  IST025I  BLDL FAILED FOR IEDIAE   IN VTAMLIB
14:57:18 00.57.17 STC  571  IST025I  BLDL FAILED FOR IEDIAE   IN VTAMLIB
14:57:18 00.57.17 STC  571  IST025I  BLDL FAILED FOR IEDIAK   IN VTAMLIB
14:57:18 00.57.17 STC  571  IST025I  BLDL FAILED FOR IEDIAK   IN VTAMLIB
14:57:18 00.57.17 STC  571  IST110I  NETWORK SOLICITOR STARTED
14:57:18 00.57.17 STC  571  IST197I  SAVED CONFIGURATION ATSO     READ FROM VTAMOBJ
14:57:18 00.57.17 STC  571  IST093I  ATSO     ACTIVE
14:57:18 00.57.17 STC  571  IST197I  SAVED CONFIGURATION ASNASOL  READ FROM VTAMOBJ
14:57:18 00.57.17 STC  571  IST093I  ASNASOL  ACTIVE
14:57:18 00.57.17 STC  571  IST197I  SAVED CONFIGURATION AJRP     READ FROM VTAMOBJ
14:57:18 00.57.17 STC  571  IST093I  AJRP     ACTIVE
14:57:18 00.57.17 STC  571  IST197I  SAVED CONFIGURATION L3274    READ FROM VTAMOBJ
14:57:18 00.57.17 STC  571  IST093I  L3274    ACTIVE
14:57:18 00.57.17 STC  571  IST197I  SAVED CONFIGURATION L3791    READ FROM VTAMOBJ
14:57:18 00.57.18 STC  571  IEA000I 0C2,IOE,05,0200,400000000001,,,NET     ,00.57.18
14:57:18 00.57.18 STC  571  IEA000I 0C3,IOE,05,0200,400000000001,,,NET     ,00.57.18
14:57:18 00.57.18 STC  571  IEA000I 0C1,IOE,05,0200,400000000001,,,NET     ,00.57.18
14:57:18 00.57.18 STC  571  IEA000I 0C4,IOE,05,0200,400000000001,,,NET     ,00.57.18
14:57:18 00.57.18 STC  571  IST093I  L3791    ACTIVE
14:57:18 00.57.18 STC  571  IEA000I 0C5,IOE,05,0200,400000000001,,,NET     ,00.57.18
14:57:18 00.57.18 STC  571  IEA000I 0C6,IOE,05,0200,400000000001,,,NET     ,00.57.18
14:57:18 00.57.18 STC  571  IST197I  SAVED CONFIGURATION S3705    READ FROM VTAMOBJ
14:57:18 00.57.18 STC  571  IST093I  S3705    ACTIVE
14:57:18 00.57.18 STC  571  IST197I  SAVED CONFIGURATION N07      READ FROM VTAMOBJ
14:57:18 00.57.18 STC  571  IST197I  SAVED CONFIGURATION N08      READ FROM VTAMOBJ
14:57:18 00.57.18 STC  571  IST197I  SAVED CONFIGURATION N10      READ FROM VTAMOBJ
14:57:18 00.57.18 STC  571  IST197I  SAVED CONFIGURATION N11      READ FROM VTAMOBJ
14:57:18 00.57.18 STC  571  IST197I  SAVED CONFIGURATION N12      READ FROM VTAMOBJ
14:57:18 00.57.18 STC  571  IFL003I  IFLOADRN COMPLETED
14:57:18 00.57.18 STC  571  IST270I  370X N07      NOW LOADED WITH LOADMOD N07
14:57:18 00.57.18 STC  571  IST197I  SAVED CONFIGURATION N13      READ FROM VTAMOBJ
14:57:18 00.57.18 STC  571  IST197I  SAVED CONFIGURATION N14      READ FROM VTAMOBJ
14:57:18 00.57.18 STC  571  IST197I  SAVED CONFIGURATION N15      READ FROM VTAMOBJ
14:57:18 00.57.18 STC  571  IST020I  VTAM INITIALIZATION COMPLETE
14:57:18 00.57.18 STC  574  $HASP100 TSO      ON STCINRDR
14:57:18 00.57.18 STC  574  $HASP373 TSO      STARTED
14:57:18 00.57.18 STC  574  IEF403I TSO - STARTED - TIME=00.57.18
14:57:18 00.57.18 STC  574  IKT007I TCAS ACCEPTING LOGONS
14:57:18 00.57.18 STC  574  IKT005I TCAS IS INITIALIZED
14:57:20 00.57.19 STC  572  IKJ019I TIME SHARING IS INITIALIZED
14:57:22 00.57.21 STC  575  $HASP100 SNASOL   ON STCINRDR
14:57:22 00.57.21 STC  576  $HASP100 JRP      ON STCINRDR
14:57:22 00.57.21 STC  575  $HASP373 SNASOL   STARTED
14:57:22 00.57.21 STC  575  IEF403I SNASOL - STARTED - TIME=00.57.21
14:57:22 00.57.21 STC  576  $HASP373 JRP      STARTED
14:57:22 00.57.21 STC  576  IEF403I JRP - STARTED - TIME=00.57.21
14:57:22 00.57.21 STC  575  +SNASOL - APPLICATION SNASOL   IS UP
14:57:22 00.57.22 STC  576  JRPI101 INITIALIZATION COMPLETE
14:57:22 00.57.22 STC  576  JRP904I - JRP WAITING FOR COMMAND.
14:57:23 00.57.23 STC  571  IFL003I  IFLOADRN COMPLETED
14:57:23 00.57.23 STC  571  IST270I  370X N10      NOW LOADED WITH LOADMOD N10
14:57:23 00.57.23           LGN001I TSO logon in progress at VTAM terminal CUU0C0
14:57:23 00.57.23 STC  571  IST093I  N07      ACTIVE
14:57:23 00.57.23 STC  571  IST093I  N07P3    ACTIVE
14:57:23 00.57.23 STC  571  IST093I  N08      ACTIVE
14:57:28 00.57.28 STC  571  IFL003I  IFLOADRN COMPLETED
14:57:28 00.57.28 STC  571  IST270I  370X N12      NOW LOADED WITH LOADMOD N12
14:57:28 00.57.28 STC  571  IST093I  N10      ACTIVE
14:57:28 00.57.28 STC  571  IST093I  N10P3    ACTIVE
14:57:28 00.57.28 STC  571  IST093I  N11      ACTIVE
14:57:32 00.57.32 TSU   64  $HASP100 HERC01   ON TSOINRDR
14:57:32 00.57.32 TSU   64  $HASP373 HERC01   STARTED
14:57:32 00.57.32 TSU   64  IEF125I HERC01 - LOGGED ON - TIME=00.57.32
14:57:33 00.57.33 STC  571  IFL003I  IFLOADRN COMPLETED
14:57:33 00.57.33 STC  571  IST270I  370X N14      NOW LOADED WITH LOADMOD N14
14:57:33 00.57.33 STC  571  IST093I  N12      ACTIVE
14:57:33 00.57.33 STC  571  IST093I  N12P3    ACTIVE
14:57:34 00.57.33 STC  571  IST093I  N13      ACTIVE
14:57:38 00.57.38 STC  571  IST093I  N14      ACTIVE
14:57:38 00.57.38 STC  571  IST093I  N14P3    ACTIVE
14:57:39 00.57.38 STC  571  IST093I  N15      ACTIVE
14:57:42 00.57.41 STC  571  IST097I  VARY     ACCEPTED
14:57:42 00.57.41 STC  571  IST093I  T3767S11 ACTIVE
14:57:42 00.57.41 STC  571  IST097I  VARY     ACCEPTED
14:57:42 00.57.41 STC  571  IST093I  T3767S21 ACTIVE
14:57:42 00.57.41 STC  571  IST097I  VARY     ACCEPTED
14:57:42 00.57.41 STC  571  IST093I  T3767S31 ACTIVE
14:57:42 00.57.41 STC  571  IST097I  VARY     ACCEPTED
14:57:42 00.57.41 STC  571  IST093I  T3767S41 ACTIVE
14:57:42 00.57.41 STC  571  IST097I  VARY     ACCEPTED
14:57:42 00.57.41 STC  571  IST093I  T3278S11 ACTIVE
14:57:42 00.57.41 STC  571  IST097I  VARY     ACCEPTED
14:57:42 00.57.41 STC  571  IST093I  T3278S21 ACTIVE
14:57:42 00.57.41 STC  571  IST097I  VARY     ACCEPTED
14:57:42 00.57.41 STC  571  IST093I  T3278S31 ACTIVE
14:57:42 00.57.41 STC  571  IST097I  VARY     ACCEPTED
14:57:42 00.57.41 STC  571  IST093I  T3278S41 ACTIVE
14:57:42 00.57.41 STC  571  IST097I  VARY     ACCEPTED
14:57:42 00.57.42 STC  571  IST097I  VARY     ACCEPTED
14:57:42 00.57.42 STC  571  IST093I  T3278L11 ACTIVE
14:57:42 00.57.42 STC  571  IST097I  VARY     ACCEPTED
14:57:42 00.57.42 STC  571  IST097I  VARY     ACCEPTED
14:57:42 00.57.42 STC  571  IST093I  T3278L21 ACTIVE
14:57:42 00.57.42 STC  571  IST093I  T3767L41 ACTIVE
14:57:42 00.57.42 STC  571  IST093I  T3767L31 ACTIVE
14:57:47 00.57.47 STC  572  IED160I 3705 T07      LOAD=T07
14:57:50 00.57.50 STC  572  IED160I 3705 T10      LOAD=T10
14:57:53 00.57.53 STC  572  IED160I 3705 T12      LOAD=T12
14:57:56 00.57.56 STC  572  IED160I 3705 T14      LOAD=T14
14:58:00 00.57.59 STC  572  IED382I T07      ACTIVATE COMPLETE
14:58:03 00.58.02 STC  572  IED382I T10      ACTIVATE COMPLETE
14:58:06 00.58.05 STC  572  IED382I T12      ACTIVATE COMPLETE
14:58:09 00.58.08 STC  572  IED382I T14      ACTIVATE COMPLETE
14:58:10 00.58.10 STC  577  $HASP100 INISDSTD ON STCINRDR
14:58:10 00.58.10           MVS038J MVS 3.8j TK4- system initialization complete CN=00
14:58:10 HHC00081I Match at index 00, executing command script scripts/tk4-.rc
14:58:10 HHC01603I script scripts/tk4-.rc
14:58:10 HHC02260I Script 4: begin processing file scripts/tk4-.rc
14:58:10 00.58.10 STC  562  +BSPRS99I - End of processing, MAXRC=0000
14:58:10 00.58.10 STC  577  $HASP373 INISDSTD STARTED
14:58:10 00.58.10 STC  577  IEF403I INISDSTD - STARTED - TIME=00.58.10
14:58:10 00.58.10 STC  577  IEF404I INISDSTD - ENDED - TIME=00.58.10
14:58:10 00.58.10 STC  577  $HASP395 INISDSTD ENDED
14:58:10 00.58.10 STC  577  $HASP150 INISDSTD ON PRINTER2        21 LINES
14:58:10 00.58.10           $HASP160 PRINTER2 INACTIVE - CLASS=Z
14:58:10 00.58.10 STC  577  $HASP250 INISDSTD IS PURGED
14:58:11 HHC01603I script scripts/tk4-_updates.rc
14:58:11 HHC02260I Script 4: begin processing file scripts/tk4-_updates.rc
14:58:11 HHC01603I script scripts/tk4-_updates/01
14:58:11 HHC02260I Script 4: begin processing file scripts/tk4-_updates/01
14:58:11 HHC02264I Script 4: file scripts/tk4-_updates/01 processing ended
14:58:11 HHC01603I script scripts/tk4-_updates/02
14:58:11 HHC02260I Script 4: begin processing file scripts/tk4-_updates/02
14:58:11 HHC02264I Script 4: file scripts/tk4-_updates/02 processing ended
14:58:11 HHC01603I script scripts/tk4-_updates/03
14:58:11 HHC02260I Script 4: begin processing file scripts/tk4-_updates/03
14:58:11 HHC02264I Script 4: file scripts/tk4-_updates/03 processing ended
14:58:11 HHC01603I script scripts/tk4-_updates/04
14:58:11 HHC02260I Script 4: begin processing file scripts/tk4-_updates/04
14:58:11 HHC02264I Script 4: file scripts/tk4-_updates/04 processing ended
14:58:11 HHC01603I script scripts/tk4-_updates/05
14:58:11 HHC02260I Script 4: begin processing file scripts/tk4-_updates/05
14:58:11 HHC02264I Script 4: file scripts/tk4-_updates/05 processing ended
14:58:11 HHC01603I script scripts/tk4-_updates/06
14:58:11 HHC02260I Script 4: begin processing file scripts/tk4-_updates/06
14:58:11 HHC02264I Script 4: file scripts/tk4-_updates/06 processing ended
14:58:11 HHC01603I script scripts/tk4-_updates/07
14:58:11 HHC02260I Script 4: begin processing file scripts/tk4-_updates/07
14:58:11 HHC02264I Script 4: file scripts/tk4-_updates/07 processing ended
14:58:11 HHC01603I script scripts/tk4-_updates/08
14:58:11 HHC02260I Script 4: begin processing file scripts/tk4-_updates/08
14:58:11 HHC02264I Script 4: file scripts/tk4-_updates/08 processing ended
14:58:11 HHC01603I script scripts/tk4-_updates/09
14:58:11 HHC02260I Script 4: begin processing file scripts/tk4-_updates/09
14:58:11 HHC02264I Script 4: file scripts/tk4-_updates/09 processing ended
14:58:11 HHC01603I script scripts/tk4-_updates/10
14:58:11 HHC02260I Script 4: begin processing file scripts/tk4-_updates/10
14:58:11 HHC02264I Script 4: file scripts/tk4-_updates/10 processing ended
14:58:11 HHC02264I Script 4: file scripts/tk4-_updates.rc processing ended
14:58:11 HHC01603I ${LOCALRC:=script scripts/local.rc}
14:58:11 HHC02260I Script 4: begin processing file scripts/local.rc
14:58:11 HHC01603I script local_scripts/01
14:58:11 HHC02260I Script 4: begin processing file local_scripts/01
14:58:11 HHC02264I Script 4: file local_scripts/01 processing ended
14:58:11 HHC01603I script local_scripts/02
14:58:11 HHC02260I Script 4: begin processing file local_scripts/02
14:58:11 HHC02264I Script 4: file local_scripts/02 processing ended
14:58:11 HHC01603I script local_scripts/03
14:58:11 HHC02260I Script 4: begin processing file local_scripts/03
14:58:11 HHC02264I Script 4: file local_scripts/03 processing ended
14:58:11 HHC01603I script local_scripts/04
14:58:11 HHC02260I Script 4: begin processing file local_scripts/04
14:58:11 HHC02264I Script 4: file local_scripts/04 processing ended
14:58:11 HHC01603I script local_scripts/05
14:58:11 HHC02260I Script 4: begin processing file local_scripts/05
14:58:11 HHC02264I Script 4: file local_scripts/05 processing ended
14:58:11 HHC01603I script local_scripts/06
14:58:11 HHC02260I Script 4: begin processing file local_scripts/06
14:58:11 HHC02264I Script 4: file local_scripts/06 processing ended
14:58:11 HHC01603I script local_scripts/07
14:58:11 HHC02260I Script 4: begin processing file local_scripts/07
14:58:11 HHC02264I Script 4: file local_scripts/07 processing ended
14:58:11 HHC01603I script local_scripts/08
14:58:11 HHC02260I Script 4: begin processing file local_scripts/08
14:58:11 HHC02264I Script 4: file local_scripts/08 processing ended
14:58:11 HHC01603I script local_scripts/09
14:58:11 HHC02260I Script 4: begin processing file local_scripts/09
14:58:11 HHC02264I Script 4: file local_scripts/09 processing ended
14:58:11 HHC01603I script local_scripts/10
14:58:11 HHC02260I Script 4: begin processing file local_scripts/10
14:58:11 HHC02264I Script 4: file local_scripts/10 processing ended
14:58:11 HHC02264I Script 4: file scripts/local.rc processing ended
14:58:12 HHC01603I *
14:58:12 HHC01603I *                           ************   ****  *****          ||
14:58:12 HHC01603I *                           **   **   **    **    **           |||
14:58:12 HHC01603I *                           **   **   **    **   **           ||||
14:58:12 HHC01603I *                                **         **  **           || ||
14:58:12 HHC01603I *        |l      _,,,---,,_      **         ** **           ||  ||
14:58:12 HHC01603I * ZZZzz /,'.-'`'    -.  ;-;;,    **         ****           ||   ||
14:58:12 HHC01603I *      |,4-  ) )-,_. ,( (  ''-'  **         *****         ||    ||
14:58:12 HHC01603I *     '---''(_/--'  `-')_)       **         **  **       ||     ||    ||||||||||
14:58:12 HHC01603I *                                **         **   **      |||||||||||  Update 08
14:58:12 HHC01603I *       The MVS 3.8j             **         **    **            ||
14:58:12 HHC01603I *     Tur(n)key System           **         **     **           ||
14:58:12 HHC01603I *                              ******      ****     ***       ||||||
14:58:12 HHC01603I *
14:58:12 HHC01603I *            TK3 created by Volker Bandke       vbandke@bsp-gmbh.com
14:58:12 HHC01603I *            TK4- update by Juergen Winkelmann  winkelmann@id.ethz.ch
14:58:12 HHC01603I *                     see TK4-.CREDITS for complete credits
14:58:12 HHC01603I *
14:58:12 HHC02264I Script 4: file scripts/tk4-.rc processing ended
15:18:11 01.18.11 STC  573  $HASP150 MF1      ON PRINTER1       216 LINES
15:18:11 01.18.11 STC  573  IRB101I MF/1 REPORT AVAILABLE FOR PRINTING
15:18:11 01.18.11           $HASP160 PRINTER1 INACTIVE - CLASS=A
15:27:18 01.27.17 STC  573  $HASP150 MF1      ON PRINTER1       213 LINES
15:27:18 01.27.17 STC  573  IRB101I MF/1 REPORT AVAILABLE FOR PRINTING
15:27:18 01.27.17           $HASP160 PRINTER1 INACTIVE - CLASS=A
15:42:18 01.42.17 STC  573  $HASP150 MF1      ON PRINTER1       216 LINES
15:42:18 01.42.17 STC  573  IRB101I MF/1 REPORT AVAILABLE FOR PRINTING
15:42:18 01.42.17           $HASP160 PRINTER1 INACTIVE - CLASS=A
15:57:18 01.57.17 STC  573  $HASP150 MF1      ON PRINTER1       216 LINES
15:57:18 01.57.17 STC  573  IRB101I MF/1 REPORT AVAILABLE FOR PRINTING
15:57:18 01.57.17           $HASP160 PRINTER1 INACTIVE - CLASS=A
15:57:19 01.57.19           $HASP000 OK
15:57:43 HHC01022I 0:00C0 COMM: client 127.0.0.1 devtype 3270: connection closed by client
15:57:48 HHC01402I close event received: shutdown immediate starting...
15:57:48 HHC01420I Begin Hercules shutdown
15:57:48 HHC01423I Calling termination routines
15:57:48 HHC00101I Thread id 00002EFC, prio  0, name Hercules Automatic Operator ended
15:57:48 HHC02272I Highest observed MIPS and IO/s rates
15:57:48 HHC02272I   from Sun Oct 29 00:00:00 2023
15:57:48 HHC02272I     to Sun Oct 29 15:57:48 2023
15:57:48 HHC02272I   MIPS: 38.472463  IO/s: 1933
15:57:48 HHC00101I Thread id 00001974, prio  0, name Socket device listener ended
15:57:48 HHC00101I Thread id 00004968, prio -20, name Timer ended
15:57:48 HHC00101I Thread id 00003C40, prio  0, name HTTP server ended
15:57:48 HHC00101I Thread id 0000472C, prio 15, name Processor CP00 ended
15:57:48 HHC00101I Thread id 00004588, prio 15, name Processor CP01 ended
15:57:48 HHC01465I 0:0002 device detached
15:57:48 HHC01465I 0:000E device detached
15:57:48 HHC01465I 0:000C device detached
15:57:48 HHC01465I 0:000D device detached
15:57:48 HHC01465I 0:0480 device detached
15:57:48 HHC01465I 0:010C device detached
15:57:48 HHC01465I 0:010D device detached
15:57:48 HHC01465I 0:000F device detached
15:57:48 HHC01465I 0:030E device detached
15:57:48 HHC01465I 0:0009 device detached
15:57:48 HHC01465I 0:00C0 device detached
15:57:48 HHC01465I 0:00C1 device detached
15:57:48 HHC01465I 0:00C2 device detached
15:57:48 HHC01465I 0:00C3 device detached
15:57:48 HHC01465I 0:00C4 device detached
15:57:48 HHC01465I 0:00C5 device detached
15:57:48 HHC01465I 0:00C6 device detached
15:57:48 HHC01465I 0:00C7 device detached
15:57:48 HHC01465I 0:03C0 device detached
15:57:48 HHC01465I 0:03C1 device detached
15:57:48 HHC01465I 0:03C2 device detached
15:57:48 HHC01465I 0:03C3 device detached
15:57:48 HHC01465I 0:03C4 device detached
15:57:48 HHC01465I 0:03C5 device detached
15:57:48 HHC01465I 0:03C6 device detached
15:57:48 HHC00101I Thread id 00001734, prio  0, name Console connection ended
15:57:48 HHC01465I 0:03C7 device detached
15:57:48 HHC01465I 0:0610 device detached
15:57:48 HHC01465I 0:0611 device detached
15:57:48 HHC01465I 0:0660 device detached
15:57:48 HHC01465I 0:0661 device detached
15:57:48 HHC01465I 0:0662 device detached
15:57:48 HHC01465I 0:0663 device detached
15:57:48 HHC01465I 0:0664 device detached
15:57:48 HHC01465I 0:0665 device detached
15:57:48 HHC01465I 0:0666 device detached
15:57:48 HHC01465I 0:0667 device detached
15:57:48 HHC01465I 0:0668 device detached
15:57:48 HHC01465I 0:0669 device detached
15:57:48 HHC01465I 0:066A device detached
15:57:48 HHC01465I 0:066B device detached
15:57:48 HHC00101I Thread id 00003E8C, prio  0, name 0:0670 communication thread ended
15:57:48 HHC01465I 0:0670 device detached
15:57:48 HHC00101I Thread id 000059D4, prio  0, name 0:0671 communication thread ended
15:57:48 HHC01465I 0:0671 device detached
15:57:48 HHC00101I Thread id 000012B4, prio  0, name 0:0672 communication thread ended
15:57:48 HHC01465I 0:0672 device detached
15:57:48 HHC00101I Thread id 00005378, prio  0, name 0:0673 communication thread ended
15:57:48 HHC01465I 0:0673 device detached
15:57:48 HHC00101I Thread id 00003078, prio  0, name 0:0680 communication thread ended
15:57:48 HHC01465I 0:0680 device detached
15:57:48 HHC00101I Thread id 00004244, prio  0, name 0:0681 communication thread ended
15:57:48 HHC01465I 0:0681 device detached
15:57:48 HHC00101I Thread id 00003418, prio  0, name 0:0682 communication thread ended
15:57:48 HHC01465I 0:0682 device detached
15:57:48 HHC00101I Thread id 00004534, prio  0, name 0:0683 communication thread ended
15:57:48 HHC01465I 0:0683 device detached
15:57:48 HHC00101I Thread id 00004A74, prio  0, name 0:0688 communication thread ended
15:57:48 HHC01465I 0:0688 device detached
15:57:48 HHC00101I Thread id 00005974, prio  0, name 0:0689 communication thread ended
15:57:48 HHC01465I 0:0689 device detached
15:57:48 HHC00101I Thread id 000012CC, prio  0, name 0:068A communication thread ended
15:57:48 HHC01465I 0:068A device detached
15:57:48 HHC00101I Thread id 0000187C, prio  0, name 0:068B communication thread ended
15:57:48 HHC01465I 0:068B device detached
15:57:48 HHC00101I Thread id 000031B8, prio  0, name 0:068C communication thread ended
15:57:48 HHC01465I 0:068C device detached
15:57:48 HHC00101I Thread id 0000350C, prio  0, name 0:068D communication thread ended
15:57:48 HHC01465I 0:068D device detached
15:57:48 HHC00101I Thread id 00004680, prio  0, name 0:068E communication thread ended
15:57:48 HHC01465I 0:068E device detached
15:57:48 HHC00101I Thread id 00003EA8, prio  0, name 0:068F communication thread ended
15:57:48 HHC01465I 0:068F device detached
15:57:48 HHC00333I 0:0152           size free  nbr st   reads  writes l2reads    hits switches
15:57:48 HHC00334I 0:0152                                                  readaheads   misses
15:57:48 HHC00335I 0:0152 --------------------------------------------------------------------
15:57:48 HHC00336I 0:0152 [*] 0003155046 000% 0001    0000322 0050971 0000030 0000380  0000694
15:57:48 HHC00337I 0:0152                                                     0000008  0000016
15:57:48 HHC00338I 0:0152 dasd/hasp00.152
15:57:48 HHC00339I 0:0152 [0] 0003155046 000% 0001 rw 0000322 0050971 0000030
15:57:48 HHC01465I 0:0152 device detached
15:57:48 HHC00333I 0:0191           size free  nbr st   reads  writes l2reads    hits switches
15:57:48 HHC00335I 0:0191 --------------------------------------------------------------------
15:57:48 HHC00336I 0:0191 [*] 0007085575 007% 0007    0000003 0000000 0000001 0000000  0000003
15:57:48 HHC00338I 0:0191 dasd/mvscat.191
15:57:48 HHC00339I 0:0191 [0] 0007085575 007% 0007 rw 0000003 0000000 0000001
15:57:48 HHC01465I 0:0191 device detached
15:57:48 HHC00333I 0:0248           size free  nbr st   reads  writes l2reads    hits switches
15:57:48 HHC00334I 0:0248                                                  readaheads   misses
15:57:48 HHC00335I 0:0248 --------------------------------------------------------------------
15:57:48 HHC00336I 0:0248 [*] 0018441422 004% 0021    0000072 0027806 0000037 0004738  0004777
15:57:48 HHC00337I 0:0248                                                     0000037  0000010
15:57:48 HHC00338I 0:0248 dasd/mvsdlb.248
15:57:48 HHC00339I 0:0248 [0] 0018441422 004% 0021 rw 0000072 0027806 0000037
15:57:48 HHC01465I 0:0248 device detached
15:57:48 HHC00333I 0:0148           size free  nbr st   reads  writes l2reads    hits switches
15:57:48 HHC00334I 0:0148                                                  readaheads   misses
15:57:48 HHC00335I 0:0148 --------------------------------------------------------------------
15:57:48 HHC00336I 0:0148 [*] 0017324178 000% 0002    0000488 0020346 0000025 0001723  0002121
15:57:48 HHC00337I 0:0148                                                     0000104  0000021
15:57:48 HHC00338I 0:0148 dasd/mvsres.148
15:57:48 HHC00339I 0:0148 [0] 0017324178 000% 0002 rw 0000488 0020346 0000025
15:57:48 HHC01465I 0:0148 device detached
15:57:48 HHC00333I 0:0160           size free  nbr st   reads  writes l2reads    hits switches
15:57:48 HHC00334I 0:0160                                                  readaheads   misses
15:57:48 HHC00335I 0:0160 --------------------------------------------------------------------
15:57:48 HHC00336I 0:0160 [*] 0006700998 015% 0004    0000557 0157527 0000033 0000383  0000752
15:57:48 HHC00337I 0:0160                                                     0000188  0000060
15:57:48 HHC00338I 0:0160 dasd/page00.160
15:57:48 HHC00339I 0:0160 [0] 0006700998 015% 0004 rw 0000557 0157527 0000033
15:57:48 HHC01465I 0:0160 device detached
15:57:48 HHC00333I 0:0161           size free  nbr st   reads  writes l2reads    hits switches
15:57:48 HHC00334I 0:0161                                                  readaheads   misses
15:57:48 HHC00335I 0:0161 --------------------------------------------------------------------
15:57:48 HHC00336I 0:0161 [*] 0009436328 016% 0013    0000746 0126313 0000033 0000355  0000959
15:57:48 HHC00337I 0:0161                                                     0000142  0000039
15:57:48 HHC00338I 0:0161 dasd/page01.161
15:57:48 HHC00339I 0:0161 [0] 0009436328 016% 0013 rw 0000746 0126313 0000033
15:57:48 HHC01465I 0:0161 device detached
15:57:48 HHC00333I 0:0240           size free  nbr st   reads  writes l2reads    hits switches
15:57:48 HHC00334I 0:0240                                                  readaheads   misses
15:57:48 HHC00335I 0:0240 --------------------------------------------------------------------
15:57:48 HHC00336I 0:0240 [*] 0013166294 000% 0000    0000184 0000173 0000016 0000229  0000399
15:57:48 HHC00337I 0:0240                                                     0000016  0000020
15:57:48 HHC00338I 0:0240 dasd/pub000.240
15:57:48 HHC00339I 0:0240 [0] 0013166294 000% 0000 rw 0000184 0000173 0000016
15:57:48 HHC01465I 0:0240 device detached
15:57:48 HHC00333I 0:0241           size free  nbr st   reads  writes l2reads    hits switches
15:57:48 HHC00334I 0:0241                                                  readaheads   misses
15:57:48 HHC00335I 0:0241 --------------------------------------------------------------------
15:57:48 HHC00336I 0:0241 [*] 0001031508 000% 0000    0000009 0000014 0000001 0000008  0000017
15:57:48 HHC00337I 0:0241                                                     0000000  0000002
15:57:48 HHC00338I 0:0241 dasd/pub010.241
15:57:48 HHC00339I 0:0241 [0] 0001031508 000% 0000 rw 0000009 0000014 0000001
15:57:48 HHC01465I 0:0241 device detached
15:57:48 HHC00333I 0:0270           size free  nbr st   reads  writes l2reads    hits switches
15:57:48 HHC00334I 0:0270                                                  readaheads   misses
15:57:48 HHC00335I 0:0270 --------------------------------------------------------------------
15:57:48 HHC00336I 0:0270 [*] 0003722183 000% 0000    0000016 0000002 0000002 0000013  0000025
15:57:48 HHC00337I 0:0270                                                     0000004  0000002
15:57:48 HHC00338I 0:0270 dasd/pub001.270
15:57:48 HHC00339I 0:0270 [0] 0003722183 000% 0000 rw 0000016 0000002 0000002
15:57:48 HHC01465I 0:0270 device detached
15:57:48 HHC00333I 0:0271           size free  nbr st   reads  writes l2reads    hits switches
15:57:48 HHC00335I 0:0271 --------------------------------------------------------------------
15:57:48 HHC00336I 0:0271 [*] 0000322360 000% 0000    0000003 0000000 0000001 0000000  0000003
15:57:48 HHC00338I 0:0271 dasd/pub011.271
15:57:48 HHC00339I 0:0271 [0] 0000322360 000% 0000 rw 0000003 0000000 0000001
15:57:48 HHC01465I 0:0271 device detached
15:57:48 HHC00333I 0:0280           size free  nbr st   reads  writes l2reads    hits switches
15:57:48 HHC00335I 0:0280 --------------------------------------------------------------------
15:57:48 HHC00336I 0:0280 [*] 0025047905 000% 0000    0000003 0000000 0000001 0000000  0000003
15:57:48 HHC00338I 0:0280 dasd/pub002.280
15:57:48 HHC00339I 0:0280 [0] 0025047905 000% 0000 rw 0000003 0000000 0000001
15:57:48 HHC01465I 0:0280 device detached
15:57:48 HHC00333I 0:0281           size free  nbr st   reads  writes l2reads    hits switches
15:57:48 HHC00335I 0:0281 --------------------------------------------------------------------
15:57:48 HHC00336I 0:0281 [*] 0016386282 000% 0000    0000003 0000000 0000001 0000000  0000003
15:57:48 HHC00338I 0:0281 dasd/pub012.281
15:57:48 HHC00339I 0:0281 [0] 0016386282 000% 0000 rw 0000003 0000000 0000001
15:57:48 HHC01465I 0:0281 device detached
15:57:48 HHC00333I 0:0290           size free  nbr st   reads  writes l2reads    hits switches
15:57:48 HHC00334I 0:0290                                                  readaheads   misses
15:57:48 HHC00335I 0:0290 --------------------------------------------------------------------
15:57:48 HHC00336I 0:0290 [*] 0015618348 000% 0000    0000010 0000002 0000002 0000008  0000018
15:57:48 HHC00337I 0:0290                                                     0000000  0000001
15:57:48 HHC00338I 0:0290 dasd/pub003.290
15:57:48 HHC00339I 0:0290 [0] 0015618348 000% 0000 rw 0000010 0000002 0000002
15:57:48 HHC01465I 0:0290 device detached
15:57:48 HHC00333I 0:0291           size free  nbr st   reads  writes l2reads    hits switches
15:57:48 HHC00335I 0:0291 --------------------------------------------------------------------
15:57:48 HHC00336I 0:0291 [*] 0024437337 003% 0001    0000003 0000000 0000001 0000000  0000003
15:57:48 HHC00338I 0:0291 dasd/pub013.291
15:57:48 HHC00339I 0:0291 [0] 0024437337 003% 0001 rw 0000003 0000000 0000001
15:57:48 HHC01465I 0:0291 device detached
15:57:48 HHC00333I 0:0149           size free  nbr st   reads  writes l2reads    hits switches
15:57:48 HHC00335I 0:0149 --------------------------------------------------------------------
15:57:48 HHC00336I 0:0149 [*] 0000503993 000% 0000    0000003 0000000 0000001 0000000  0000003
15:57:48 HHC00338I 0:0149 dasd/smp001.149
15:57:48 HHC00339I 0:0149 [0] 0000503993 000% 0000 rw 0000003 0000000 0000001
15:57:48 HHC01465I 0:0149 device detached
15:57:48 HHC00333I 0:014A           size free  nbr st   reads  writes l2reads    hits switches
15:57:48 HHC00335I 0:014A --------------------------------------------------------------------
15:57:48 HHC00336I 0:014A [*] 0000656220 000% 0000    0000003 0000000 0000001 0000000  0000003
15:57:48 HHC00338I 0:014A dasd/smp002.14a
15:57:48 HHC00339I 0:014A [0] 0000656220 000% 0000 rw 0000003 0000000 0000001
15:57:48 HHC01465I 0:014A device detached
15:57:48 HHC00333I 0:014B           size free  nbr st   reads  writes l2reads    hits switches
15:57:48 HHC00335I 0:014B --------------------------------------------------------------------
15:57:48 HHC00336I 0:014B [*] 0000178625 000% 0000    0000003 0000000 0000001 0000000  0000003
15:57:48 HHC00338I 0:014B dasd/smp003.14b
15:57:48 HHC00339I 0:014B [0] 0000178625 000% 0000 rw 0000003 0000000 0000001
15:57:48 HHC01465I 0:014B device detached
15:57:48 HHC00333I 0:014C           size free  nbr st   reads  writes l2reads    hits switches
15:57:48 HHC00335I 0:014C --------------------------------------------------------------------
15:57:48 HHC00336I 0:014C [*] 0003056965 041% 0002    0000003 0000000 0000001 0000000  0000003
15:57:48 HHC00338I 0:014C dasd/smp004.14c
15:57:48 HHC00339I 0:014C [0] 0003056965 041% 0002 rw 0000003 0000000 0000001
15:57:48 HHC01465I 0:014C device detached
15:57:48 HHC00333I 0:0131           size free  nbr st   reads  writes l2reads    hits switches
15:57:48 HHC00335I 0:0131 --------------------------------------------------------------------
15:57:48 HHC00336I 0:0131 [*] 0000071875 000% 0000    0000003 0000000 0000001 0000000  0000003
15:57:48 HHC00338I 0:0131 dasd/sort01.131
15:57:48 HHC00339I 0:0131 [0] 0000071875 000% 0000 rw 0000003 0000000 0000001
15:57:48 HHC01465I 0:0131 device detached
15:57:48 HHC00333I 0:0132           size free  nbr st   reads  writes l2reads    hits switches
15:57:48 HHC00335I 0:0132 --------------------------------------------------------------------
15:57:48 HHC00336I 0:0132 [*] 0000009570 000% 0000    0000003 0000000 0000001 0000000  0000003
15:57:48 HHC00338I 0:0132 dasd/sort02.132
15:57:48 HHC00339I 0:0132 [0] 0000009570 000% 0000 rw 0000003 0000000 0000001
15:57:48 HHC01465I 0:0132 device detached
15:57:48 HHC00333I 0:0133           size free  nbr st   reads  writes l2reads    hits switches
15:57:48 HHC00335I 0:0133 --------------------------------------------------------------------
15:57:48 HHC00336I 0:0133 [*] 0000049421 000% 0000    0000003 0000000 0000001 0000000  0000003
15:57:48 HHC00338I 0:0133 dasd/sort03.133
15:57:48 HHC00339I 0:0133 [0] 0000049421 000% 0000 rw 0000003 0000000 0000001
15:57:48 HHC01465I 0:0133 device detached
15:57:48 HHC00333I 0:0134           size free  nbr st   reads  writes l2reads    hits switches
15:57:48 HHC00335I 0:0134 --------------------------------------------------------------------
15:57:48 HHC00336I 0:0134 [*] 0000010533 000% 0000    0000003 0000000 0000001 0000000  0000003
15:57:48 HHC00338I 0:0134 dasd/sort04.134
15:57:48 HHC00339I 0:0134 [0] 0000010533 000% 0000 rw 0000003 0000000 0000001
15:57:48 HHC01465I 0:0134 device detached
15:57:48 HHC00333I 0:0135           size free  nbr st   reads  writes l2reads    hits switches
15:57:48 HHC00335I 0:0135 --------------------------------------------------------------------
15:57:48 HHC00336I 0:0135 [*] 0000045023 000% 0000    0000003 0000000 0000001 0000000  0000003
15:57:48 HHC00338I 0:0135 dasd/sort05.135
15:57:48 HHC00339I 0:0135 [0] 0000045023 000% 0000 rw 0000003 0000000 0000001
15:57:48 HHC01465I 0:0135 device detached
15:57:48 HHC00333I 0:0136           size free  nbr st   reads  writes l2reads    hits switches
15:57:48 HHC00335I 0:0136 --------------------------------------------------------------------
15:57:48 HHC00336I 0:0136 [*] 0000010430 000% 0000    0000003 0000000 0000001 0000000  0000003
15:57:48 HHC00338I 0:0136 dasd/sort06.136
15:57:48 HHC00339I 0:0136 [0] 0000010430 000% 0000 rw 0000003 0000000 0000001
15:57:48 HHC01465I 0:0136 device detached
15:57:48 HHC00333I 0:0140           size free  nbr st   reads  writes l2reads    hits switches
15:57:48 HHC00334I 0:0140                                                  readaheads   misses
15:57:48 HHC00335I 0:0140 --------------------------------------------------------------------
15:57:48 HHC00336I 0:0140 [*] 0000867983 000% 0000    0000003 0000000 0000001 0000000  0000003
15:57:48 HHC00337I 0:0140                                                     0000000  0000001
15:57:48 HHC00338I 0:0140 dasd/work00.140
15:57:48 HHC00339I 0:0140 [0] 0000867983 000% 0000 rw 0000003 0000000 0000001
15:57:48 HHC01465I 0:0140 device detached
15:57:48 HHC00333I 0:0170           size free  nbr st   reads  writes l2reads    hits switches
15:57:48 HHC00335I 0:0170 --------------------------------------------------------------------
15:57:48 HHC00336I 0:0170 [*] 0000011642 000% 0000    0000003 0000000 0000001 0000000  0000003
15:57:48 HHC00338I 0:0170 dasd/work01.170
15:57:48 HHC00339I 0:0170 [0] 0000011642 000% 0000 rw 0000003 0000000 0000001
15:57:48 HHC01465I 0:0170 device detached
15:57:48 HHC00333I 0:0180           size free  nbr st   reads  writes l2reads    hits switches
15:57:48 HHC00335I 0:0180 --------------------------------------------------------------------
15:57:48 HHC00336I 0:0180 [*] 0000090264 000% 0000    0000003 0000000 0000001 0000000  0000003
15:57:48 HHC00338I 0:0180 dasd/work02.180
15:57:48 HHC00339I 0:0180 [0] 0000090264 000% 0000 rw 0000003 0000000 0000001
15:57:48 HHC01465I 0:0180 device detached
15:57:48 HHC00333I 0:0190           size free  nbr st   reads  writes l2reads    hits switches
15:57:48 HHC00335I 0:0190 --------------------------------------------------------------------
15:57:48 HHC00336I 0:0190 [*] 0049712523 002% 0003    0000003 0000000 0000001 0000000  0000003
15:57:48 HHC00338I 0:0190 dasd/work03.190
15:57:48 HHC00339I 0:0190 [0] 0049712523 002% 0003 rw 0000003 0000000 0000001
15:57:48 HHC00101I Thread id 00000948, prio  0, name Read-ahead thread-2 ended
15:57:48 HHC00101I Thread id 00005EEC, prio  0, name Read-ahead thread-1 ended
15:57:48 HHC00101I Thread id 00003D60, prio  0, name Garbage collector ended
15:57:48 HHC00101I Thread id 00004558, prio  0, name Writer thread-1 ended
15:57:48 HHC00101I Thread id 00003500, prio  0, name Writer thread-2 ended
15:57:48 HHC01465I 0:0190 device detached
15:57:48 HHC01427I Main storage released
15:57:48 HHC01427I Expanded storage released
15:57:48 HHC01422I Configuration released
15:57:48 HHC02103I Logger: logger thread terminating
