0000 00.00.00           IEF923I ELIGIBLE DEVICE TABLE IOGEN    10/01/85 13.20
0000                    205649 NIP  IEA101A SPECIFY SYSTEM PARAMETERS FOR RELEASE 03.8 .VS2
0000                    205653 NIP   '
0000                    205653 NIP  IEA940I THE FOLLOWING PAGE DATA SETS ARE IN USE
0000                    205653 NIP   PLPA ... SYS1.PAGELPA
0000                    205653 NIP   COMMON . SYS1.PAGECSA
0000                    205653 NIP   DUPLEX . SYS1.DUPLEX
0000                    205653 NIP   LOCAL .. SYS1.PAGEL01
0000 21.56.56           IEF196I     1     //MSTRJCL  JOB MSGLEVEL=(0,0)
0000                    205653 NIP   LOCAL .. SYS1.PAGEL02
0000 21.56.57           S CMD1
0000 21.56.57           S BSPPILOT
0000 21.56.57           S JES2,,,PARM='WARM,NOREQ'
4000 21.56.57           IGF992I  MIH INIT COMPLETE, PRI=000300, SEC=000015
4000 21.56.57           IEE360I SMF NOW RECORDING ON SYS1.MANX ON MVSRES TIME=21.56.57
FFFF 21.56.57           RAKF is based on the ESG Security System
FFFF 21.56.57           written by Craig J. Yasuna               (Mar 1991)
FFFF 21.56.57           adapted to MVS 3.8J: A. Philip Dickinson (Aug 2005)
FFFF 21.56.57                                Phil Roberts        (Apr 2011)
FFFF 21.56.57                                Juergen Winkelmann  (Apr 2011)
8000 21.56.57           RAKF001I RAKF is now being activated
FFFF 21.56.57           RCVT WAS PROCESSED SUCCESSFULLY
4000 21.56.57           RAKF003I RAKF is now active
FFFF 21.56.57           RAKFPROF7  RAKF PROFILES UPDATED
FFFF 21.56.57           RAKFUIDS4  USER TABLE UPDATED
0000 21.56.57           IEF196I     1     //CMD1     JOB MSGLEVEL=1
0000 21.56.57           IEF196I     2     //STARTING EXEC CMD1
0000 21.56.57           IEF196I     1     //JES2     JOB MSGLEVEL=1
0000 21.56.57           IEF196I     2     //STARTING EXEC JES2,PARM='WARM,NOREQ'
0000 21.56.57           IEF196I     3     XXCMD1   PROC  A=ASE0,
0000 21.56.57           IEF196I           XX             B='$',
0000 21.56.57           IEF196I           XX             C=CSK0,
0000 21.56.57           IEF196I           XX             D=DSD0,
0000 21.56.57           IEF196I           XX             E=ESS0,
0000 21.56.57           IEF196I           XX             F=FSF0,
0000 21.56.57           IEF196I           XX             G='$',
0000 21.56.57           IEF196I           XX             H=HSM0,
0000 21.56.57           IEF196I           XX             I=ISJ0,
0000 21.56.57           IEF196I           XX             J=JSL0,
0000 21.56.57           IEF196I           XX             K='$',
0000 21.56.57           IEF196I           XX             L=LSC0,
0000 21.56.57           IEF196I           XX             M=MSO0,
0000 21.56.57           IEF196I           XX             N=NSA0,
0000 21.56.57           IEF196I           XX             O=OSR0,
0000 21.56.57           IEF196I           XX             P=PSP0,
0000 21.56.57           IEF196I           XX             Q=QSQ0,
0000 21.56.57           IEF196I           XX             R=RSG0,
0000 21.56.57           IEF196I           XX             S=SSH0,
0000 21.56.57           IEF196I           XX             T=TSN0,
0000 21.56.57           IEF196I           XX             U='$',
0000 21.56.57           IEF196I           XX             V=VSI0,
0000 21.56.57           IEF196I           XX             W='$',
0000 21.56.57           IEF196I           XX             X='$',
0000 21.56.57           IEF196I           XX             Y='$',
0000 21.56.57           IEF196I           XX             Z=ZSZ0
0000 21.56.57           IEF196I     4     XXCMD1  EXEC PGM=CMDSBINT,TIME=1440,DPRTY=(15,10),
0000 21.56.57           IEF196I           XX
0000 21.56.57           IEF196I PARM='&A&B&C&D&E&F&G&H&I&J&K&L&M&N&O&P&Q&R&S&T&U&V&W&X&Y&Z'
0000 21.56.57           IEF196I     3     XXJES2    PROC M=JES2PARM,
0000 21.56.57           IEF196I  STMT NO. MESSAGE
0000 21.56.57           IEF196I -
0000 21.56.57           IEF196I     4     IEF653I SUBSTITUTION JCL -
0000 21.56.57           IEF196I PARM='ASE0$CSK0DSD0ESS0FSF0$HSM0ISJ0JSL0$LSC0MSO0NSA0OSR0PSP0QSQ
0000 21.56.57           IEF196I 0RSG0SSH0TSN0$VSI0$$$ZSZ0'
0000 21.56.57           IEF196I           XX             M2=STARTSTD,
0000 21.56.57           IEF196I           ***CSC#ASYS  DD  DUMMY
0000 21.56.57           IEF196I           ***CSC#BSYS  DD  DUMMY
0000 21.56.57           IEF196I           ***CSC#CSYS  DD  DUMMY
0000 21.56.57           IEF196I           ***CSCDATA   DD  DSN=SYS1.SYSTEM.CMDSBSYS.CSCDATA,
0000 21.56.57           IEF196I DISP=SHR
0000 21.56.57           IEF196I           ***
0000 21.56.57           IEF196I           ***      WHERE  -    FOR CSC#.... REPLACE .... WITH
0000 21.56.57           IEF196I SMF SYSID OF ONE
0000 21.56.57           IEF196I           ***                  OF THE SYSTEMS USING
0000 21.56.57           IEF196I CROSS-SYSTEM COMMANDS.
0000 21.56.57           IEF196I           ***                  AS MANY CSC#.... DD CARDS AS
0000 21.56.57           IEF196I NECESSARY MAY EXIST.
0000 21.56.57           IEF196I           ***
0000 21.56.57           IEF196I           XX             N=SYS1,
0000 21.56.57           IEF196I           XX             L=LINKLIB,
0000 21.56.57           IEF196I           XX             U=3350,
0000 21.56.57           IEF196I           XX             N1=SYS1,
0000 21.56.57           IEF196I           XX             P0=SYS1,
0000 21.56.57           IEF196I           XX             P1=SYS2,
0000 21.56.57           IEF196I           XX             P2=SYS1,
0000 21.56.57           IEF196I           XX             P=JES2PARM
0000 21.56.57           IEF196I     4     XXIEFPROC EXEC PGM=HASJES20,
0000 21.56.57           IEF196I           XX             TIME=1440,
0000 21.56.57           IEF196I           XX             DPRTY=(15,15)
0000 21.56.57           IEF196I     5     XXSTEPLIB  DD  UNIT=&U,DISP=SHR,DSN=&N..&L
0000 21.56.57           IEF196I IEF236I ALLOC. FOR CMD1 CMD1
0000 21.56.57           IEF196I  STMT NO. MESSAGE
0000 21.56.57           IEF196I -
0000 21.56.57           IEF196I     5     IEF653I SUBSTITUTION JCL - UNIT=3350,DISP=SHR,
0000 21.56.57           IEF196I DSN=SYS1.LINKLIB
0000 21.56.57           IEF196I     6     XXPROC00   DD  DSN=&P0..PROCLIB,DISP=SHR
0000 21.56.57           IEF196I     6     IEF653I SUBSTITUTION JCL - DSN=SYS1.PROCLIB,DISP=SHR
0000 21.56.57           IEF196I     7     XX         DD  DSN=&P1..PROCLIB,DISP=SHR
0000 21.56.57           IEF196I     7     IEF653I SUBSTITUTION JCL - DSN=SYS2.PROCLIB,DISP=SHR
0000 21.56.57           IEF196I     8     XX         DD  DSN=&P2..PROCLIB,DISP=SHR
0000 21.56.57           IEF196I     8     IEF653I SUBSTITUTION JCL - DSN=SYS1.PROCLIB,DISP=SHR
0000 21.56.57           IEF196I     9     XXIEF0PDSI DD  DSN=&P0..PROCLIB,DISP=SHR
0000 21.56.57           IEF196I     9     IEF653I SUBSTITUTION JCL - DSN=SYS1.PROCLIB,DISP=SHR
0000 21.56.57           IEF196I    10     XX         DD  DSN=&P1..PROCLIB,DISP=SHR
0000 21.56.57           IEF196I    10     IEF653I SUBSTITUTION JCL - DSN=SYS2.PROCLIB,DISP=SHR
0000 21.56.57           IEF196I    11     XX         DD  DSN=&P2..PROCLIB,DISP=SHR
0000 21.56.57           IEF196I    11     IEF653I SUBSTITUTION JCL - DSN=SYS1.PROCLIB,DISP=SHR
0000 21.56.57           IEF196I    12     XXIEF1PDSI DD  DSN=&P0..PROCLIB,DISP=SHR
0000 21.56.57           IEF196I    12     IEF653I SUBSTITUTION JCL - DSN=SYS1.PROCLIB,DISP=SHR
0000 21.56.57           IEF196I    13     XX         DD  DSN=&P1..PROCLIB,DISP=SHR
0000 21.56.57           IEF196I    13     IEF653I SUBSTITUTION JCL - DSN=SYS2.PROCLIB,DISP=SHR
0000 21.56.57           IEF196I    14     XX         DD  DSN=&P2..PROCLIB,DISP=SHR
0000 21.56.57           IEF196I    14     IEF653I SUBSTITUTION JCL - DSN=SYS1.PROCLIB,DISP=SHR
0000 21.56.57           IEF196I    15     XXHASPPARM DD  DSN=&N1..&P(&M),DISP=SHR
0000 21.56.57           IEF196I    15     IEF653I SUBSTITUTION JCL -
0000 21.56.57           IEF196I DSN=SYS1.JES2PARM(JES2PARM),DISP=SHR
0000 21.56.57           IEF196I    16     XX         DD  DSN=&N1..&P(&M2),DISP=SHR
0000 21.56.57           IEF196I    16     IEF653I SUBSTITUTION JCL -
0000 21.56.57           IEF196I DSN=SYS1.JES2PARM(STARTSTD),DISP=SHR
0000 21.56.57           IEF196I    17     XXHASPLIST DD  DDNAME=IEFRDER
4000 21.56.57           IEF677I WARNING MESSAGE(S) FOR JOB JES2     ISSUED
0000 21.56.57           IEF196I    17     IEF686I DDNAME REFERRED TO ON DDNAME KEYWORD IN PRIOR
0000 21.56.57           IEF196I STEP WAS NOT RESOLVED
0000 21.56.57           IEF196I IEF236I ALLOC. FOR JES2 JES2
0000 21.56.57           IEF196I IEF237I 148  ALLOCATED TO STEPLIB
0000 21.56.57           IEF196I IEF237I 148  ALLOCATED TO PROC00
0000 21.56.57           IEF196I IEF237I 240  ALLOCATED TO
0000 21.56.57           IEF196I IEF237I 148  ALLOCATED TO
0000 21.56.57           IEF196I IEF237I 148  ALLOCATED TO IEF0PDSI
0000 21.56.57           IEF196I IEF237I 240  ALLOCATED TO
0000 21.56.57           IEF196I IEF237I 148  ALLOCATED TO
0000 21.56.57           IEF196I IEF237I 148  ALLOCATED TO IEF1PDSI
0000 21.56.57           IEF196I IEF237I 240  ALLOCATED TO
0000 21.56.57           IEF196I IEF237I 148  ALLOCATED TO
0000 21.56.57           IEF196I IEF237I 148  ALLOCATED TO HASPPARM
0000 21.56.57           IEF196I IEF237I 148  ALLOCATED TO
0000 21.56.57           IEF196I IEF237I DMY  ALLOCATED TO HASPLIST
0000 21.56.57           IEF196I IEF237I 248  ALLOCATED TO $$CKPT
0000 21.56.57           IEF196I $HASP493 JES2  WARM-START IS IN PROGRESS
FFFF 21.56.57           $HASP493 JES2  WARM-START IS IN PROGRESS
0000 21.56.57           IEF196I IEF237I 152  ALLOCATED TO $HASP00
0000 21.56.57           IEF196I IEF237I 00C  ALLOCATED TO READER1
0000 21.56.57           IEF196I IEF237I 00D  ALLOCATED TO PUNCH1
0000 21.56.57           IEF196I $HASP412 MAXIMUM OF 1   READER(S)  EXCEEDED
FFFF 21.56.57           $HASP412 MAXIMUM OF 1   READER(S)  EXCEEDED
0000 21.56.57           IEF196I $HASP412 MAXIMUM OF 1   PUNCH(ES)  EXCEEDED
FFFF 21.56.57           $HASP412 MAXIMUM OF 1   PUNCH(ES)  EXCEEDED
0000 21.56.57           IEF196I $HASP412 MAXIMUM OF 3   PRINTER(S) EXCEEDED
FFFF 21.56.57           $HASP412 MAXIMUM OF 3   PRINTER(S) EXCEEDED
C000 21.56.57           $HASP406 STC  709 WAS EXECUTING
C000 21.56.57           $HASP406 STC  710 WAS EXECUTING
C000 21.56.57           $HASP406 STC  711 WAS EXECUTING
C000 21.56.58           $HASP406 STC  696 WAS EXECUTING
C000 21.56.58           $HASP406 STC  697 WAS EXECUTING
C000 21.56.58           $HASP406 STC  698 WAS EXECUTING
C000 21.56.58           $HASP406 STC  699 WAS EXECUTING
C000 21.56.58           $HASP406 STC  700 WAS EXECUTING
C000 21.56.58           $HASP406 STC  701 WAS EXECUTING
C000 21.56.58           $HASP406 STC  702 WAS EXECUTING
C000 21.56.58           $HASP406 STC  704 WAS EXECUTING
0000 21.56.58           S INIT.INIT,,,JES2
4000 21.56.58           IEE041I THE SYSTEM LOG IS NOW ACTIVE
0000 21.56.58           S INIT.INIT,,,JES2
0000 21.56.58           S INIT.INIT,,,JES2
0000 21.56.58           S INIT.INIT,,,JES2
0000 21.56.58           S INIT.INIT,,,JES2
0000 21.56.58           S INIT.INIT,,,JES2
0000 21.56.58           S BSPSETPF,PARM=NOREPLYU
0004 21.56.58           $HASP000 ID 1    T=**.** I=  30 $VS,'F BSPPILOT,SCRIPT=STARTSTD'
0000 21.56.58           F BSPPILOT,SCRIPT=STARTSTD
C000 21.56.58           $HASP406 STC  706 WAS EXECUTING
C000 21.56.58           $HASP406 STC  707 WAS EXECUTING
C000 21.56.58           $HASP406 STC  708 WAS EXECUTING
0200 21.56.58           $HASP160 PUNCH1   INACTIVE - CLASS=B
0200 21.56.58 STC  714  $HASP100 BSPPILOT ON STCINRDR
0200 21.56.58 STC  715  $HASP100 INIT     ON STCINRDR
0200 21.56.58 STC  716  $HASP100 INIT     ON STCINRDR
0200 21.56.58 STC  717  $HASP100 INIT     ON STCINRDR
4000 21.56.58 STC  714  $HASP373 BSPPILOT STARTED
4000 21.56.58 STC  715  $HASP373 INIT     STARTED
0200 21.56.58 STC  718  $HASP100 INIT     ON STCINRDR
4000 21.56.58 STC  716  $HASP373 INIT     STARTED
4000 21.56.58 STC  717  $HASP373 INIT     STARTED
0200 21.56.58 STC  719  $HASP100 INIT     ON STCINRDR
4000 21.56.58 STC  718  $HASP373 INIT     STARTED
0200 21.56.58 STC  720  $HASP100 INIT     ON STCINRDR
4000 21.56.58 STC  719  $HASP373 INIT     STARTED
0200 21.56.58 STC  721  $HASP100 BSPSETPF ON STCINRDR
4000 21.56.58 STC  720  $HASP373 INIT     STARTED
C000 21.56.58           $HASP309    INIT  1 INACTIVE ******** C=A
C000 21.56.58           $HASP309    INIT  2 INACTIVE ******** C=BA
4000 21.56.58 STC  721  $HASP373 BSPSETPF STARTED
C000 21.56.58           $HASP309    INIT  3 INACTIVE ******** C=HBA
C000 21.56.58           $HASP309    INIT  4 INACTIVE ******** C=SHB
C000 21.56.58           $HASP309    INIT  5 INACTIVE ******** C=SBA
C000 21.56.58           $HASP309    INIT  6 INACTIVE ******** C=SC
FFFF 21.56.58 STC  721  BSPSP91I - Parms passed: NOREPLYU
FFFF 21.56.58 STC  721  BSPSP93I - PFK definitions will be updated in memory
FFFF 21.56.58 STC  721  BSPSP22I - Dataset processed: SYS1.PARMLIB
FFFF 21.56.58 STC  721  BSPSP23I - on volume MVSRES
FFFF 21.56.58 STC  721  BSPSP21I - Member being processed: SETPFK01
FFFF 21.56.58 STC  721  +BSPSP98I - Member processed, LASTCC=0000
FFFF 21.56.58 STC  721  +BSPSP21I - Member being processed: SETPFK02
FFFF 21.56.58 STC  721  +BSPSP98I - Member processed, LASTCC=0000
FFFF 21.56.58 STC  721  +BSPSP99I - End of processing, MAXRC=0000
4000 21.56.58 STC  721  $HASP395 BSPSETPF ENDED
0000 21.57.01           D T
0000 21.57.01           D T
0000 21.56.58           IEE341I BSPPILOT NOT ACTIVE
0000 21.57.01           IEE136I  TIME=21.57.01 DATE=24.007
0000 21.57.01           IEE136I  TIME=21.57.01 DATE=24.007
0000 21.57.28           F BSPPILOT,SCRIPT=STARTSTD
FFFF 21.57.28 STC  714  +BSPPILOT - Running script STARTSTD
FFFF 21.57.28 STC  714  +BSPRS22I - Dataset processed: SYS1.PARMLIB
FFFF 21.57.28 STC  714  +BSPRS23I - on volume MVSRES
FFFF 21.57.28 STC  714  +BSPRS08I - PARM NOECHO
0000 21.57.28 STC  714  $CA,ALL
0004 21.57.28           $HASP000 OK
0000 21.57.28 STC  714  V 480,ONLINE
0000 21.57.28 STC  714  MN JOBNAMES,T
0000 21.57.28 STC  714  MN SESS,T
0000 21.57.28 STC  714  S DYNAMASK
0000 21.57.28           IEE302I 480      ONLINE
0200 21.57.28 STC  722  $HASP100 DYNAMASK ON STCINRDR
4000 21.57.28 STC  722  $HASP373 DYNAMASK STARTED
4000 21.57.28 STC  722  IEF403I DYNAMASK - STARTED - TIME=21.57.28
4020 21.57.28 STC  722  DMSK00I DYNAMASK DONE ****
4020 21.57.28 STC  722  DMSK06I  START
4000 21.57.28 STC  722  IEF404I DYNAMASK - ENDED - TIME=21.57.28
4000 21.57.28 STC  722  $HASP395 DYNAMASK ENDED
0000 21.57.30 STC  714  S NET
0000 21.57.30 STC  714  S TP
0200 21.57.30 STC  723  $HASP100 NET      ON STCINRDR
0000 21.57.30 STC  714  S MF1.MF1
0200 21.57.30 STC  724  $HASP100 TP       ON STCINRDR
4000 21.57.30 STC  723  $HASP373 NET      STARTED
4000 21.57.30 STC  723  IEF403I NET - STARTED - TIME=21.57.30
0200 21.57.30 STC  725  $HASP100 MF1      ON STCINRDR
4000 21.57.30 STC  724  $HASP373 TP       STARTED
4000 21.57.30 STC  724  IEF403I TP - STARTED - TIME=21.57.30
4000 21.57.30 STC  725  $HASP373 MF1      STARTED
4000 21.57.30 STC  725  IEF403I MF1 - STARTED - TIME=21.57.30
0000 21.57.30 STC  714  $SA,ALL
0004 21.57.30           $HASP000 OK
0000 21.57.30 STC  714  $TA,I=3600,'$SI1-I4'
0004 21.57.30           $HASP000 ID 2    T=**.** I=3600 $SI1-I4
0004 21.57.30           $HASP000 OK
0000 21.57.30 STC  714  $TOSC1,D=J
0000 21.57.30 STC  714  $TOSC2,D=J
0004 21.57.30           $HASP000 OK
0004 21.57.30           $HASP000 OK
0000 21.57.30 STC  714  $TOSC3,D=T
0004 21.57.30           $HASP000 OK
0000 21.57.30 STC  714  $TOSC4,D=T
0004 21.57.30           $HASP000 OK
0000 21.57.30 STC  714  $SRDR1
0004 21.57.30           $HASP000 OK
0000 21.57.30 STC  714  $SPRT1
4200 21.57.30           IEF236I ALLOC. FOR JES2 JES2
4200 21.57.30           IEF237I 00E  ALLOCATED TO PRINTER1
0000 21.57.30           IEF196I IEF237I 00E  ALLOCATED TO PRINTER1
0004 21.57.30           $HASP000 OK
0200 21.57.30 STC  709  $HASP150 TSO      ON PRINTER1
0000 21.57.30           $SPRT1
0200 21.57.30 STC  709 *$HASP190 TSO      SETUP -- PRINTER1 -- F = 0001 -- C = 6    -- T = QN
0004 21.57.30           $HASP000 OK
0200 21.57.30 STC  708  $HASP150 MF1      ON PRINTER1
0200 21.57.30           $HASP185 PRINTER1 TERMINATED
0200 21.57.30 STC  725  $HASP150 MF1      ON PRINTER1        13 LINES
0200 21.57.30           $HASP160 PRINTER1 INACTIVE - CLASS=A
4200 21.57.30           IEF236I ALLOC. FOR JES2 JES2
0000 21.57.30 STC  714  $SPRT2
4200 21.57.30           IEF237I 00F  ALLOCATED TO PRINTER2
0000 21.57.30           IEF196I IEF237I 00F  ALLOCATED TO PRINTER2
0004 21.57.30           $HASP000 OK
0200 21.57.30 STC  709  $HASP150 TSO      ON PRINTER2        11 LINES
0000 21.57.30           $SPRT2
0200 21.57.30 STC  709 *$HASP190 TSO      SETUP -- PRINTER2 -- F = 0001 -- C = 6    -- T = QN
0004 21.57.30           $HASP000 OK
0200 21.57.30 STC  709  $HASP250 TSO      IS PURGED
0200 21.57.30 STC  710  $HASP150 SNASOL   ON PRINTER2         7 LINES
4000 21.57.30 STC  725  IRB100I MF/1 IS ACTIVE
0200 21.57.30 STC  711  $HASP150 JRP      ON PRINTER2        30 LINES
0200 21.57.30 STC  710  $HASP250 SNASOL   IS PURGED
0200 21.57.30 STC  697  $HASP150 BSPPILOT ON PRINTER2         9 LINES
0200 21.57.30 STC  711  $HASP250 JRP      IS PURGED
0200 21.57.30 STC  698  $HASP150 INIT     ON PRINTER2         5 LINES
0200 21.57.30 STC  697  $HASP250 BSPPILOT IS PURGED
0000 21.57.30 STC  714  $SPRT3
4200 21.57.30           IEF236I ALLOC. FOR JES2 JES2
4200 21.57.30           IEF237I 002  ALLOCATED TO PRINTER3
0000 21.57.30           IEF196I IEF237I 002  ALLOCATED TO PRINTER3
0004 21.57.30           $HASP000 OK
0200 21.57.30 STC  699  $HASP150 INIT     ON PRINTER2         5 LINES
0200 21.57.30 STC  698  $HASP250 INIT     IS PURGED
0000 21.57.30 STC  714  $SLINE1
0200 21.57.30 STC  700  $HASP150 INIT     ON PRINTER2         5 LINES
0200 21.57.30 STC  699  $HASP250 INIT     IS PURGED
0200 21.57.30           $HASP160 PRINTER3 INACTIVE - CLASS=X
0200 21.57.30 STC  700  $HASP250 INIT     IS PURGED
0200 21.57.30 STC  701  $HASP150 INIT     ON PRINTER2         5 LINES
0000 21.57.30           IEF196I IEF237I 670  ALLOCATED TO LINE1
0200 21.57.30 STC  701  $HASP250 INIT     IS PURGED
0200 21.57.30 STC  702  $HASP150 INIT     ON PRINTER2         5 LINES
0000 21.57.30 STC  714  $SLINE2
0004 21.57.30           $HASP000 OK
0200 21.57.30 STC  704  $HASP150 INIT     ON PRINTER2         5 LINES
0200 21.57.30 STC  702  $HASP250 INIT     IS PURGED
0000 21.57.30           IEF196I IEF237I 671  ALLOCATED TO LINE2
0004 21.57.30           $HASP000 OK
0200 21.57.30 STC  706  $HASP150 NET      ON PRINTER2         9 LINES
0200 21.57.30 STC  704  $HASP250 INIT     IS PURGED
0200 21.57.30           $HASP185 PRINTER2 TERMINATED
0000 21.57.30 STC  714  $SLINE3
0200 21.57.30 STC  707  $HASP150 TP       ON PRINTER2        31 LINES
0200 21.57.30 STC  706  $HASP250 NET      IS PURGED
0000 21.57.30           IEF196I IEF237I 672  ALLOCATED TO LINE3
0004 21.57.30           $HASP000 OK
0200 21.57.30 STC  707  $HASP250 TP       IS PURGED
0200 21.57.30 STC  708  $HASP150 MF1      ON PRINTER2         7 LINES
0000 21.57.30 STC  714  $SLINE4
0200 21.57.30 STC  708  $HASP250 MF1      IS PURGED
0200 21.57.30 STC  721  $HASP150 BSPSETPF ON PRINTER2        32 LINES
0000 21.57.30           IEF196I IEF237I 673  ALLOCATED TO LINE4
0004 21.57.30           $HASP000 OK
0200 21.57.30 STC  721  $HASP250 BSPSETPF IS PURGED
0200 21.57.30 STC  722  $HASP150 DYNAMASK ON PRINTER2        28 LINES
0000 21.57.30 STC  714  $SPUNCH1
0004 21.57.30           $HASP000 OK
0200 21.57.30           $HASP160 PRINTER2 INACTIVE - CLASS=Z
0200 21.57.30 STC  722  $HASP250 DYNAMASK IS PURGED
4000 21.57.30 STC  723  IST025I  BLDL FAILED FOR IEDIAE   IN VTAMLIB
4000 21.57.30 STC  723  IST025I  BLDL FAILED FOR IEDIAE   IN VTAMLIB
4000 21.57.30 STC  723  IST025I  BLDL FAILED FOR IEDIAE   IN VTAMLIB
4000 21.57.30 STC  723  IST025I  BLDL FAILED FOR IEDIAE   IN VTAMLIB
4000 21.57.30 STC  723  IST025I  BLDL FAILED FOR IEDIAK   IN VTAMLIB
4000 21.57.30 STC  723  IST025I  BLDL FAILED FOR IEDIAK   IN VTAMLIB
4000 21.57.30 STC  723  IST110I  NETWORK SOLICITOR STARTED
4000 21.57.30 STC  723  IST197I  SAVED CONFIGURATION ATSO     READ FROM VTAMOBJ
4000 21.57.30 STC  723  IST093I  ATSO     ACTIVE
4000 21.57.30 STC  723  IST197I  SAVED CONFIGURATION ASNASOL  READ FROM VTAMOBJ
4000 21.57.30 STC  723  IST093I  ASNASOL  ACTIVE
4000 21.57.30 STC  723  IST197I  SAVED CONFIGURATION AJRP     READ FROM VTAMOBJ
4000 21.57.30 STC  723  IST093I  AJRP     ACTIVE
4000 21.57.30 STC  723  IST197I  SAVED CONFIGURATION L3274    READ FROM VTAMOBJ
4000 21.57.30 STC  723  IST093I  L3274    ACTIVE
4000 21.57.30 STC  723  IST197I  SAVED CONFIGURATION L3791    READ FROM VTAMOBJ
4040 21.57.30 STC  723  IEA000I 0C0,IOE,05,0200,400000000001,,,NET     ,21.57.30
4040 21.57.30 STC  723  IEA000I 0C1,IOE,05,0200,400000000001,,,NET     ,21.57.30
4040 21.57.30 STC  723  IEA000I 0C2,IOE,05,0200,400000000001,,,NET     ,21.57.30
4040 21.57.30 STC  723  IEA000I 0C3,IOE,05,0200,400000000001,,,NET     ,21.57.30
4040 21.57.31 STC  723  IEA000I 0C4,IOE,05,0200,400000000001,,,NET     ,21.57.31
4040 21.57.31 STC  723  IEA000I 0C5,IOE,05,0200,400000000001,,,NET     ,21.57.31
4040 21.57.31 STC  723  IEA000I 0C6,IOE,05,0200,400000000001,,,NET     ,21.57.31
4000 21.57.31 STC  723  IST093I  L3791    ACTIVE
4000 21.57.31 STC  723  IST197I  SAVED CONFIGURATION S3705    READ FROM VTAMOBJ
4000 21.57.31 STC  723  IST093I  S3705    ACTIVE
4000 21.57.31 STC  723  IST197I  SAVED CONFIGURATION N07      READ FROM VTAMOBJ
4000 21.57.31 STC  723  IST197I  SAVED CONFIGURATION N08      READ FROM VTAMOBJ
4000 21.57.31 STC  723  IST197I  SAVED CONFIGURATION N10      READ FROM VTAMOBJ
4000 21.57.31 STC  723  IST197I  SAVED CONFIGURATION N11      READ FROM VTAMOBJ
4000 21.57.31 STC  723  IFL003I  IFLOADRN COMPLETED
4000 21.57.31 STC  723  IST270I  370X N07      NOW LOADED WITH LOADMOD N07
4000 21.57.31 STC  723  IST197I  SAVED CONFIGURATION N12      READ FROM VTAMOBJ
4000 21.57.31 STC  723  IST197I  SAVED CONFIGURATION N13      READ FROM VTAMOBJ
4000 21.57.31 STC  723  IST197I  SAVED CONFIGURATION N14      READ FROM VTAMOBJ
4000 21.57.31 STC  723  IST197I  SAVED CONFIGURATION N15      READ FROM VTAMOBJ
0000 21.57.31 STC  723  S TSO
4000 21.57.31 STC  723  IST020I  VTAM INITIALIZATION COMPLETE
0200 21.57.31 STC  726  $HASP100 TSO      ON STCINRDR
4000 21.57.31 STC  726  $HASP373 TSO      STARTED
4000 21.57.31 STC  726  IEF403I TSO - STARTED - TIME=21.57.31
8100 21.57.31 STC  726  IKT007I TCAS ACCEPTING LOGONS
8100 21.57.31 STC  726  IKT005I TCAS IS INITIALIZED
0000 21.57.32 STC  714  F TP,TS=START
4000 21.57.32 STC  724  IKJ019I TIME SHARING IS INITIALIZED
0000 21.57.34 STC  714  S SNASOL
0000 21.57.34 STC  714  S JRP
0200 21.57.34 STC  727  $HASP100 SNASOL   ON STCINRDR
0200 21.57.34 STC  728  $HASP100 JRP      ON STCINRDR
4000 21.57.34 STC  727  $HASP373 SNASOL   STARTED
4000 21.57.34 STC  727  IEF403I SNASOL - STARTED - TIME=21.57.34
4000 21.57.34 STC  728  $HASP373 JRP      STARTED
4000 21.57.34 STC  728  IEF403I JRP - STARTED - TIME=21.57.34
0020 21.57.34 STC  727  +SNASOL - APPLICATION SNASOL   IS UP
FFFF 21.57.34 STC  728  JRPI101 INITIALIZATION COMPLETE
FFFF 21.57.34 STC  728  JRP904I - JRP WAITING FOR COMMAND.
4000 21.57.36 STC  723  IFL003I  IFLOADRN COMPLETED
4000 21.57.36 STC  723  IST270I  370X N10      NOW LOADED WITH LOADMOD N10
4000 21.57.36 STC  723  IST093I  N07      ACTIVE
4000 21.57.36 STC  723  IST093I  N07P3    ACTIVE
4000 21.57.36 STC  723  IST093I  N08      ACTIVE
4000 21.57.41 STC  723  IFL003I  IFLOADRN COMPLETED
4000 21.57.41 STC  723  IST270I  370X N12      NOW LOADED WITH LOADMOD N12
4000 21.57.41 STC  723  IST093I  N10      ACTIVE
4000 21.57.41 STC  723  IST093I  N10P3    ACTIVE
4000 21.57.41 STC  723  IST093I  N11      ACTIVE
4000 21.57.46 STC  723  IFL003I  IFLOADRN COMPLETED
4000 21.57.46 STC  723  IST270I  370X N14      NOW LOADED WITH LOADMOD N14
4000 21.57.46 STC  723  IST093I  N12      ACTIVE
4000 21.57.46 STC  723  IST093I  N12P3    ACTIVE
4000 21.57.46 STC  723  IST093I  N13      ACTIVE
4000 21.57.51 STC  723  IST093I  N14      ACTIVE
4000 21.57.51 STC  723  IST093I  N14P3    ACTIVE
4000 21.57.51 STC  723  IST093I  N15      ACTIVE
0000 21.57.54 STC  714  V NET,ACT,ID=T3767S11,LOGON=SNASOL,LOGMODE=INTERACT
4000 21.57.54 STC  723  IST097I  VARY     ACCEPTED
0000 21.57.54 STC  714  V NET,ACT,ID=T3767S21,LOGON=SNASOL,LOGMODE=INTERACT
4000 21.57.54 STC  723  IST093I  T3767S11 ACTIVE
4000 21.57.54 STC  723  IST097I  VARY     ACCEPTED
4000 21.57.54 STC  723  IST093I  T3767S21 ACTIVE
0000 21.57.54 STC  714  V NET,ACT,ID=T3767S31,LOGON=SNASOL,LOGMODE=INTERACT
4000 21.57.54 STC  723  IST097I  VARY     ACCEPTED
4000 21.57.54 STC  723  IST093I  T3767S31 ACTIVE
0000 21.57.54 STC  714  V NET,ACT,ID=T3767S41,LOGON=SNASOL,LOGMODE=INTERACT
4000 21.57.54 STC  723  IST097I  VARY     ACCEPTED
4000 21.57.54 STC  723  IST093I  T3767S41 ACTIVE
0000 21.57.54 STC  714  V NET,ACT,ID=T3278S11,LOGON=SNASOL,LOGMODE=MHP3278E
4000 21.57.54 STC  723  IST097I  VARY     ACCEPTED
4000 21.57.54 STC  723  IST093I  T3278S11 ACTIVE
0000 21.57.54 STC  714  V NET,ACT,ID=T3278S21,LOGON=SNASOL,LOGMODE=MHP3278E
4000 21.57.54 STC  723  IST097I  VARY     ACCEPTED
4000 21.57.54 STC  723  IST093I  T3278S21 ACTIVE
0000 21.57.54 STC  714  V NET,ACT,ID=T3278S31,LOGON=SNASOL,LOGMODE=MHP3278E
4000 21.57.54 STC  723  IST097I  VARY     ACCEPTED
4000 21.57.54 STC  723  IST093I  T3278S31 ACTIVE
0000 21.57.54 STC  714  V NET,ACT,ID=T3278S41,LOGON=SNASOL,LOGMODE=MHP3278E
4000 21.57.54 STC  723  IST097I  VARY     ACCEPTED
4000 21.57.54 STC  723  IST093I  T3278S41 ACTIVE
0000 21.57.54 STC  714  V NET,ACT,ID=T3278L11,LOGON=SNASOL,LOGMODE=MHP3278E
4000 21.57.54 STC  723  IST097I  VARY     ACCEPTED
0000 21.57.54 STC  714  V NET,ACT,ID=T3278L21,LOGON=SNASOL,LOGMODE=MHP3278E
4000 21.57.54 STC  723  IST097I  VARY     ACCEPTED
0000 21.57.54 STC  714  V NET,ACT,ID=T3767L31,LOGON=SNASOL,LOGMODE=INTERACT
4000 21.57.54 STC  723  IST097I  VARY     ACCEPTED
0000 21.57.54 STC  714  V NET,ACT,ID=T3767L41,LOGON=SNASOL,LOGMODE=INTERACT
4000 21.57.54 STC  723  IST097I  VARY     ACCEPTED
4000 21.57.54 STC  723  IST093I  T3278L21 ACTIVE
4000 21.57.54 STC  723  IST093I  T3278L11 ACTIVE
4000 21.57.54 STC  723  IST093I  T3767L41 ACTIVE
4000 21.57.54 STC  723  IST093I  T3767L31 ACTIVE
0000 21.57.59 STC  714  F TP,LOAD=T07,T07
4020 21.57.59 STC  724  IED160I 3705 T07      LOAD=T07
0000 21.58.02 STC  714  F TP,LOAD=T10,T10
4020 21.58.02 STC  724  IED160I 3705 T10      LOAD=T10
0000 21.58.05 STC  714  F TP,LOAD=T12,T12
4020 21.58.05 STC  724  IED160I 3705 T12      LOAD=T12
0000 21.58.08 STC  714  F TP,LOAD=T14,T14
4020 21.58.08 STC  724  IED160I 3705 T14      LOAD=T14
0000 21.58.11 STC  714  F TP,ACTIV=T07
4020 21.58.12 STC  724  IED382I T07      ACTIVATE COMPLETE
0000 21.58.14 STC  714  F TP,ACTIV=T10
4020 21.58.15 STC  724  IED382I T10      ACTIVATE COMPLETE
0000 21.58.17 STC  714  F TP,ACTIV=T12
4020 21.58.18 STC  724  IED382I T12      ACTIVATE COMPLETE
0000 21.58.21 STC  714  F TP,ACTIV=T14
4020 21.58.21 STC  724  IED382I T14      ACTIVATE COMPLETE
0000 21.58.23 STC  714  S INISDSTD
0000 21.58.23 STC  714  SE 'MVS038J MVS 3.8j TK4- system initialization complete',BRDCST
0200 21.58.23 STC  729  $HASP100 INISDSTD ON STCINRDR
0000 21.58.23           MVS038J MVS 3.8j TK4- system initialization complete CN=00
FFFF 21.58.23 STC  714  +BSPRS99I - End of processing, MAXRC=0000
4000 21.58.23 STC  729  $HASP373 INISDSTD STARTED
4000 21.58.23 STC  729  IEF403I INISDSTD - STARTED - TIME=21.58.23
4000 21.58.23 STC  729  IEF404I INISDSTD - ENDED - TIME=21.58.23
4000 21.58.23 STC  729  $HASP395 INISDSTD ENDED
0200 21.58.23 STC  729  $HASP150 INISDSTD ON PRINTER2        21 LINES
0200 21.58.23           $HASP160 PRINTER2 INACTIVE - CLASS=Z
0200 21.58.23 STC  729  $HASP250 INISDSTD IS PURGED
0000 22.09.37 STC  726  LOGON
FFFF 22.09.37           LGN001I TSO logon in progress at VTAM terminal CUU0C0
4000 22.09.37           IEF170I 1 MSTRJCL  LGN001I TSO logon in progress at VTAM terminal CUU0C0
0200 22.09.43 TSU   74  $HASP100 HERC01   ON TSOINRDR
4000 22.09.43 TSU   74  $HASP373 HERC01   STARTED
4000 22.09.43 TSU   74  IEF125I HERC01 - LOGGED ON - TIME=22.09.43
0200 22.12.30 STC  725  $HASP150 MF1      ON PRINTER1       216 LINES
4000 22.12.30 STC  725  IRB101I MF/1 REPORT AVAILABLE FOR PRINTING
0200 22.12.30           $HASP160 PRINTER1 INACTIVE - CLASS=A
0200 22.27.30 STC  725  $HASP150 MF1      ON PRINTER1       213 LINES
4000 22.27.30 STC  725  IRB101I MF/1 REPORT AVAILABLE FOR PRINTING
0200 22.27.30           $HASP160 PRINTER1 INACTIVE - CLASS=A
0200 22.42.30 STC  725  $HASP150 MF1      ON PRINTER1       216 LINES
4000 22.42.30 STC  725  IRB101I MF/1 REPORT AVAILABLE FOR PRINTING
0200 22.42.30           $HASP160 PRINTER1 INACTIVE - CLASS=A
0200 22.57.30 STC  725  $HASP150 MF1      ON PRINTER1       216 LINES
4000 22.57.30 STC  725  IRB101I MF/1 REPORT AVAILABLE FOR PRINTING
0200 22.57.30           $HASP160 PRINTER1 INACTIVE - CLASS=A
0004 22.57.33           $HASP000 OK
4000 23.12.30 STC  725  IRB101I MF/1 REPORT AVAILABLE FOR PRINTING
0200 23.12.30 STC  725  $HASP150 MF1      ON PRINTER1       216 LINES
0200 23.12.30           $HASP160 PRINTER1 INACTIVE - CLASS=A
0200 23.16.46 JOB  255  $HASP100 HERC01XX ON INTRDR      EXECUTA PROG0006
4000 23.16.46 JOB  255  IEF677I WARNING MESSAGE(S) FOR JOB HERC01XX ISSUED
4000 23.16.46 JOB  255  $HASP373 HERC01XX STARTED - INIT  1 - CLASS A - SYS TK4-
4000 23.16.46 JOB  255  IEF403I HERC01XX - STARTED - TIME=23.16.46
0004 23.16.46 JOB  255  IEFACTRT - Stepname  Procstep  Program   Retcode
0004 23.16.46 JOB  255  HERC01XX   COMPILA   IKFCBL01  IKFCBL00  RC= 0012
0004 23.16.46 JOB  255  HERC01XX   COMPILA   LKED      IEWL      *FLUSH*
4000 23.16.46 JOB  255  IEF404I HERC01XX - ENDED - TIME=23.16.46
4000 23.16.46 JOB  255  $HASP395 HERC01XX ENDED
C000 23.16.46           $HASP309    INIT  1 INACTIVE ******** C=A
0000 23.16.46           SE '$HASP165 JOB  255  HERC01XX ENDED- MAX COND CODE 0013  ',LOGON,USER=(HERC01)
0200 23.23.42 JOB  256  $HASP100 HERC01XX ON INTRDR      EXECUTA PROG0006
4000 23.23.42 JOB  256  IEF677I WARNING MESSAGE(S) FOR JOB HERC01XX ISSUED
4000 23.23.42 JOB  256  $HASP373 HERC01XX STARTED - INIT  1 - CLASS A - SYS TK4-
4000 23.23.42 JOB  256  IEF403I HERC01XX - STARTED - TIME=23.23.42
0004 23.23.42 JOB  256  IEFACTRT - Stepname  Procstep  Program   Retcode
0004 23.23.42 JOB  256  HERC01XX   COMPILA   IKFCBL01  IKFCBL00  RC= 0000
0004 23.23.42 JOB  256  HERC01XX   COMPILA   LKED      IEWL      RC= 0000
4000 23.23.42 JOB  256  IEF404I HERC01XX - ENDED - TIME=23.23.42
4000 23.23.42 JOB  256  $HASP395 HERC01XX ENDED
C000 23.23.42           $HASP309    INIT  1 INACTIVE ******** C=A
0000 23.23.42           SE '$HASP165 JOB  256  HERC01XX ENDED- MAX COND CODE 0000  ',LOGON,USER=(HERC01)
0200 23.25.13 JOB  257  $HASP100 HERC01XX ON INTRDR      EXECUTA PROG0006
4000 23.25.13 JOB  257  $HASP373 HERC01XX STARTED - INIT  1 - CLASS A - SYS TK4-
4000 23.25.13 JOB  257  IEF403I HERC01XX - STARTED - TIME=23.25.13
4000 23.25.13 JOB  257  IEF450I HERC01XX STEP01 - ABEND S0C7 U0000 - TIME=23.25.13
0004 23.25.13 JOB  257  IEFACTRT - Stepname  Procstep  Program   Retcode
0004 23.25.13 JOB  257  HERC01XX   STEP01              PROG0006  AB S0C7
4000 23.25.13 JOB  257  IEF404I HERC01XX - ENDED - TIME=23.25.13
4000 23.25.13 JOB  257  $HASP395 HERC01XX ENDED
C000 23.25.13           $HASP309    INIT  1 INACTIVE ******** C=A
0000 23.25.13           SE '$HASP165 JOB  257  HERC01XX ENDED- ABENDED  SYSTEM 0C7 ',LOGON,USER=(HERC01)
0200 23.27.30 STC  725  $HASP150 MF1      ON PRINTER1       219 LINES
4000 23.27.30 STC  725  IRB101I MF/1 REPORT AVAILABLE FOR PRINTING
0200 23.27.30           $HASP160 PRINTER1 INACTIVE - CLASS=A
0200 23.29.35 JOB  258  $HASP100 HERC01XX ON INTRDR      EXECUTA PROG0006
4000 23.29.35 JOB  258  IEF677I WARNING MESSAGE(S) FOR JOB HERC01XX ISSUED
4000 23.29.35 JOB  258  $HASP373 HERC01XX STARTED - INIT  1 - CLASS A - SYS TK4-
4000 23.29.35 JOB  258  IEF403I HERC01XX - STARTED - TIME=23.29.35
0004 23.29.35 JOB  258  IEFACTRT - Stepname  Procstep  Program   Retcode
0004 23.29.35 JOB  258  HERC01XX   COMPILA   IKFCBL01  IKFCBL00  RC= 0000
0004 23.29.35 JOB  258  HERC01XX   COMPILA   LKED      IEWL      RC= 0000
4000 23.29.35 JOB  258  IEF404I HERC01XX - ENDED - TIME=23.29.35
4000 23.29.35 JOB  258  $HASP395 HERC01XX ENDED
C000 23.29.35           $HASP309    INIT  1 INACTIVE ******** C=A
0000 23.29.35           SE '$HASP165 JOB  258  HERC01XX ENDED- MAX COND CODE 0000  ',LOGON,USER=(HERC01)
0200 23.30.49 JOB  259  $HASP100 HERC01XX ON INTRDR      EXECUTA PROG0006
4000 23.30.49 JOB  259  $HASP373 HERC01XX STARTED - INIT  1 - CLASS A - SYS TK4-
4000 23.30.49 JOB  259  IEF403I HERC01XX - STARTED - TIME=23.30.49
4000 23.30.49 JOB  259  IEF450I HERC01XX STEP01 - ABEND S0C7 U0000 - TIME=23.30.49
0004 23.30.49 JOB  259  IEFACTRT - Stepname  Procstep  Program   Retcode
0004 23.30.49 JOB  259  HERC01XX   STEP01              PROG0006  AB S0C7
4000 23.30.49 JOB  259  IEF404I HERC01XX - ENDED - TIME=23.30.49
4000 23.30.49 JOB  259  $HASP395 HERC01XX ENDED
C000 23.30.49           $HASP309    INIT  1 INACTIVE ******** C=A
0000 23.30.49           SE '$HASP165 JOB  259  HERC01XX ENDED- ABENDED  SYSTEM 0C7 ',LOGON,USER=(HERC01)
0200 23.31.48 JOB  260  $HASP100 HERC01XX ON INTRDR      EXECUTA PROG0006
4000 23.31.48 JOB  260  $HASP373 HERC01XX STARTED - INIT  1 - CLASS A - SYS TK4-
4000 23.31.48 JOB  260  IEF403I HERC01XX - STARTED - TIME=23.31.48
4000 23.31.48 JOB  260  IEF450I HERC01XX STEP01 - ABEND S0C7 U0000 - TIME=23.31.48
0004 23.31.48 JOB  260  IEFACTRT - Stepname  Procstep  Program   Retcode
0004 23.31.48 JOB  260  HERC01XX   STEP01              PROG0006  AB S0C7
4000 23.31.48 JOB  260  IEF404I HERC01XX - ENDED - TIME=23.31.48
4000 23.31.48 JOB  260  $HASP395 HERC01XX ENDED
C000 23.31.48           $HASP309    INIT  1 INACTIVE ******** C=A
0000 23.31.48           SE '$HASP165 JOB  260  HERC01XX ENDED- ABENDED  SYSTEM 0C7 ',LOGON,USER=(HERC01)
0200 23.35.18 JOB  261  $HASP100 HERC01XX ON INTRDR      EXECUTA PROG0006
4000 23.35.18 JOB  261  IEF677I WARNING MESSAGE(S) FOR JOB HERC01XX ISSUED
4000 23.35.18 JOB  261  $HASP373 HERC01XX STARTED - INIT  1 - CLASS A - SYS TK4-
4000 23.35.18 JOB  261  IEF403I HERC01XX - STARTED - TIME=23.35.18
0004 23.35.18 JOB  261  IEFACTRT - Stepname  Procstep  Program   Retcode
0004 23.35.18 JOB  261  HERC01XX   COMPILA   IKFCBL01  IKFCBL00  RC= 0000
0004 23.35.18 JOB  261  HERC01XX   COMPILA   LKED      IEWL      RC= 0000
4000 23.35.18 JOB  261  IEF404I HERC01XX - ENDED - TIME=23.35.18
4000 23.35.18 JOB  261  $HASP395 HERC01XX ENDED
C000 23.35.18           $HASP309    INIT  1 INACTIVE ******** C=A
0000 23.35.18           SE '$HASP165 JOB  261  HERC01XX ENDED- MAX COND CODE 0000  ',LOGON,USER=(HERC01)
0200 23.35.30 JOB  262  $HASP100 HERC01XX ON INTRDR      EXECUTA PROG0006
4000 23.35.30 JOB  262  $HASP373 HERC01XX STARTED - INIT  1 - CLASS A - SYS TK4-
4000 23.35.30 JOB  262  IEF403I HERC01XX - STARTED - TIME=23.35.30
4000 23.35.30 JOB  262  IEF450I HERC01XX STEP01 - ABEND S0C7 U0000 - TIME=23.35.30
0004 23.35.30 JOB  262  IEFACTRT - Stepname  Procstep  Program   Retcode
0004 23.35.30 JOB  262  HERC01XX   STEP01              PROG0006  AB S0C7
4000 23.35.30 JOB  262  IEF404I HERC01XX - ENDED - TIME=23.35.30
4000 23.35.30 JOB  262  $HASP395 HERC01XX ENDED
C000 23.35.30           $HASP309    INIT  1 INACTIVE ******** C=A
0000 23.35.30           SE '$HASP165 JOB  262  HERC01XX ENDED- ABENDED  SYSTEM 0C7 ',LOGON,USER=(HERC01)
0004 23.36.15 TSU   74  IEFACTRT - Stepname  Procstep  Program   Retcode
4000 23.36.15 TSU   74  IEF126I HERC01 - LOGGED OFF - TIME=23.36.15
4000 23.36.15 TSU   74  $HASP395 HERC01   ENDED
0200 23.36.15 TSU   74  $HASP150 HERC01   ON PRINTER2       186 LINES
0200 23.36.15           $HASP160 PRINTER2 INACTIVE - CLASS=Z
0200 23.36.15 TSU   74  $HASP250 HERC01   IS PURGED
